<?xml version="1.0" encoding="UTF-8"?>
<testsuite xmlns:xsi="http://www.w3.org/2001/XMLSchema-instance" xsi:noNamespaceSchemaLocation="https://maven.apache.org/surefire/maven-surefire-plugin/xsd/surefire-test-report.xsd" name="com.puppycrawl.tools.checkstyle.checks.indentation.IndentationCheckTest" time="5.519" tests="111" errors="0" skipped="0" failures="0">
  <properties>
    <property name="awt.toolkit" value="sun.awt.X11.XToolkit"/>
    <property name="java.specification.version" value="1.8"/>
    <property name="nondexStart" value="0"/>
    <property name="file.encoding.pkg" value="sun.io"/>
    <property name="sun.cpu.isalist" value=""/>
    <property name="sun.jnu.encoding" value="UTF-8"/>
    <property name="java.class.path" value="/home/nick/IdeaProjects/checkstyle/target/test-classes:/home/nick/IdeaProjects/checkstyle/target/classes:/home/nick/.m2/repository/com/tngtech/archunit/archunit-junit5/0.14.1/archunit-junit5-0.14.1.jar:/home/nick/.m2/repository/com/tngtech/archunit/archunit-junit5-api/0.14.1/archunit-junit5-api-0.14.1.jar:/home/nick/.m2/repository/com/tngtech/archunit/archunit/0.14.1/archunit-0.14.1.jar:/home/nick/.m2/repository/com/tngtech/archunit/archunit-junit5-engine/0.14.1/archunit-junit5-engine-0.14.1.jar:/home/nick/.m2/repository/com/tngtech/archunit/archunit-junit5-engine-api/0.14.1/archunit-junit5-engine-api-0.14.1.jar:/home/nick/.m2/repository/info/picocli/picocli/4.5.2/picocli-4.5.2.jar:/home/nick/.m2/repository/antlr/antlr/2.7.7/antlr-2.7.7.jar:/home/nick/.m2/repository/org/antlr/antlr4-runtime/4.8-1/antlr4-runtime-4.8-1.jar:/home/nick/.m2/repository/commons-beanutils/commons-beanutils/1.9.4/commons-beanutils-1.9.4.jar:/home/nick/.m2/repository/commons-logging/commons-logging/1.2/commons-logging-1.2.jar:/home/nick/.m2/repository/commons-collections/commons-collections/3.2.2/commons-collections-3.2.2.jar:/home/nick/.m2/repository/com/google/guava/guava/30.0-jre/guava-30.0-jre.jar:/home/nick/.m2/repository/com/google/guava/failureaccess/1.0.1/failureaccess-1.0.1.jar:/home/nick/.m2/repository/com/google/guava/listenablefuture/9999.0-empty-to-avoid-conflict-with-guava/listenablefuture-9999.0-empty-to-avoid-conflict-with-guava.jar:/home/nick/.m2/repository/com/google/code/findbugs/jsr305/3.0.2/jsr305-3.0.2.jar:/home/nick/.m2/repository/org/checkerframework/checker-qual/3.5.0/checker-qual-3.5.0.jar:/home/nick/.m2/repository/com/google/errorprone/error_prone_annotations/2.3.4/error_prone_annotations-2.3.4.jar:/home/nick/.m2/repository/com/google/j2objc/j2objc-annotations/1.3/j2objc-annotations-1.3.jar:/home/nick/.m2/repository/org/apache/ant/ant/1.10.9/ant-1.10.9.jar:/home/nick/.m2/repository/org/apache/ant/ant-launcher/1.10.9/ant-launcher-1.10.9.jar:/usr/lib/jvm/java-8-openjdk/jre/../lib/tools.jar:/home/nick/.m2/repository/org/reflections/reflections/0.9.12/reflections-0.9.12.jar:/home/nick/.m2/repository/org/javassist/javassist/3.26.0-GA/javassist-3.26.0-GA.jar:/home/nick/.m2/repository/org/junit/jupiter/junit-jupiter-api/5.7.0/junit-jupiter-api-5.7.0.jar:/home/nick/.m2/repository/org/apiguardian/apiguardian-api/1.1.0/apiguardian-api-1.1.0.jar:/home/nick/.m2/repository/org/opentest4j/opentest4j/1.2.0/opentest4j-1.2.0.jar:/home/nick/.m2/repository/org/junit/platform/junit-platform-commons/1.7.0/junit-platform-commons-1.7.0.jar:/home/nick/.m2/repository/org/junit/jupiter/junit-jupiter-engine/5.7.0/junit-jupiter-engine-5.7.0.jar:/home/nick/.m2/repository/org/junit/platform/junit-platform-engine/1.7.0/junit-platform-engine-1.7.0.jar:/home/nick/.m2/repository/org/itsallcode/junit5-system-extensions/1.1.0/junit5-system-extensions-1.1.0.jar:/home/nick/.m2/repository/org/junit-pioneer/junit-pioneer/1.1.0/junit-pioneer-1.1.0.jar:/home/nick/.m2/repository/org/junit/jupiter/junit-jupiter-params/5.5.2/junit-jupiter-params-5.5.2.jar:/home/nick/.m2/repository/org/junit/platform/junit-platform-launcher/1.5.2/junit-platform-launcher-1.5.2.jar:/home/nick/.m2/repository/org/junit/vintage/junit-vintage-engine/5.7.0/junit-vintage-engine-5.7.0.jar:/home/nick/.m2/repository/junit/junit/4.13/junit-4.13.jar:/home/nick/.m2/repository/com/google/truth/truth/1.1/truth-1.1.jar:/home/nick/.m2/repository/com/google/auto/value/auto-value-annotations/1.7.4/auto-value-annotations-1.7.4.jar:/home/nick/.m2/repository/org/ow2/asm/asm/9.0/asm-9.0.jar:/home/nick/.m2/repository/com/github/stefanbirkner/system-rules/1.19.0/system-rules-1.19.0.jar:/home/nick/.m2/repository/nl/jqno/equalsverifier/equalsverifier/3.5/equalsverifier-3.5.jar:/home/nick/.m2/repository/org/powermock/powermock-api-mockito2/2.0.9/powermock-api-mockito2-2.0.9.jar:/home/nick/.m2/repository/org/powermock/powermock-api-support/2.0.9/powermock-api-support-2.0.9.jar:/home/nick/.m2/repository/org/powermock/powermock-reflect/2.0.9/powermock-reflect-2.0.9.jar:/home/nick/.m2/repository/net/bytebuddy/byte-buddy/1.10.14/byte-buddy-1.10.14.jar:/home/nick/.m2/repository/net/bytebuddy/byte-buddy-agent/1.10.14/byte-buddy-agent-1.10.14.jar:/home/nick/.m2/repository/org/powermock/powermock-core/2.0.9/powermock-core-2.0.9.jar:/home/nick/.m2/repository/org/mockito/mockito-core/3.3.3/mockito-core-3.3.3.jar:/home/nick/.m2/repository/org/objenesis/objenesis/2.6/objenesis-2.6.jar:/home/nick/.m2/repository/org/powermock/powermock-module-junit4/2.0.9/powermock-module-junit4-2.0.9.jar:/home/nick/.m2/repository/org/powermock/powermock-module-junit4-common/2.0.9/powermock-module-junit4-common-2.0.9.jar:/home/nick/.m2/repository/org/hamcrest/hamcrest-core/1.3/hamcrest-core-1.3.jar:/home/nick/.m2/repository/commons-io/commons-io/2.8.0/commons-io-2.8.0.jar:/home/nick/.m2/repository/org/eclipse/jgit/org.eclipse.jgit/5.9.0.202009080501-r/org.eclipse.jgit-5.9.0.202009080501-r.jar:/home/nick/.m2/repository/com/googlecode/javaewah/JavaEWAH/1.1.7/JavaEWAH-1.1.7.jar:/home/nick/.m2/repository/org/slf4j/slf4j-api/1.7.2/slf4j-api-1.7.2.jar:/home/nick/.m2/repository/org/slf4j/slf4j-simple/1.7.30/slf4j-simple-1.7.30.jar:/home/nick/.m2/repository/org/jacoco/org.jacoco.agent/0.8.6/org.jacoco.agent-0.8.6-runtime.jar:/home/nick/.m2/repository/net/sf/saxon/Saxon-HE/10.3/Saxon-HE-10.3.jar:src/test/resources-noncompilable:"/>
    <property name="java.vm.vendor" value="Oracle Corporation"/>
    <property name="nondexPrintstack" value="false"/>
    <property name="sun.arch.data.model" value="64"/>
    <property name="java.vendor.url" value="http://java.oracle.com/"/>
    <property name="user.timezone" value=""/>
    <property name="java.vm.specification.version" value="1.8"/>
    <property name="os.name" value="Linux"/>
    <property name="sun.java.launcher" value="SUN_STANDARD"/>
    <property name="user.country" value="US"/>
    <property name="sun.boot.library.path" value="/usr/lib/jvm/java-8-openjdk/jre/lib/amd64"/>
    <property name="nondexLogging" value="CONFIG"/>
    <property name="sun.java.command" value="/home/nick/IdeaProjects/checkstyle/target/surefire/surefirebooter6239336942997746565.jar /home/nick/IdeaProjects/checkstyle/target/surefire 2020-12-15T00-02-04_237-jvmRun1 surefire7497376910721018100tmp surefire_12315178770319664350tmp"/>
    <property name="surefire.test.class.path" value="/home/nick/IdeaProjects/checkstyle/target/test-classes:/home/nick/IdeaProjects/checkstyle/target/classes:/home/nick/.m2/repository/com/tngtech/archunit/archunit-junit5/0.14.1/archunit-junit5-0.14.1.jar:/home/nick/.m2/repository/com/tngtech/archunit/archunit-junit5-api/0.14.1/archunit-junit5-api-0.14.1.jar:/home/nick/.m2/repository/com/tngtech/archunit/archunit/0.14.1/archunit-0.14.1.jar:/home/nick/.m2/repository/com/tngtech/archunit/archunit-junit5-engine/0.14.1/archunit-junit5-engine-0.14.1.jar:/home/nick/.m2/repository/com/tngtech/archunit/archunit-junit5-engine-api/0.14.1/archunit-junit5-engine-api-0.14.1.jar:/home/nick/.m2/repository/info/picocli/picocli/4.5.2/picocli-4.5.2.jar:/home/nick/.m2/repository/antlr/antlr/2.7.7/antlr-2.7.7.jar:/home/nick/.m2/repository/org/antlr/antlr4-runtime/4.8-1/antlr4-runtime-4.8-1.jar:/home/nick/.m2/repository/commons-beanutils/commons-beanutils/1.9.4/commons-beanutils-1.9.4.jar:/home/nick/.m2/repository/commons-logging/commons-logging/1.2/commons-logging-1.2.jar:/home/nick/.m2/repository/commons-collections/commons-collections/3.2.2/commons-collections-3.2.2.jar:/home/nick/.m2/repository/com/google/guava/guava/30.0-jre/guava-30.0-jre.jar:/home/nick/.m2/repository/com/google/guava/failureaccess/1.0.1/failureaccess-1.0.1.jar:/home/nick/.m2/repository/com/google/guava/listenablefuture/9999.0-empty-to-avoid-conflict-with-guava/listenablefuture-9999.0-empty-to-avoid-conflict-with-guava.jar:/home/nick/.m2/repository/com/google/code/findbugs/jsr305/3.0.2/jsr305-3.0.2.jar:/home/nick/.m2/repository/org/checkerframework/checker-qual/3.5.0/checker-qual-3.5.0.jar:/home/nick/.m2/repository/com/google/errorprone/error_prone_annotations/2.3.4/error_prone_annotations-2.3.4.jar:/home/nick/.m2/repository/com/google/j2objc/j2objc-annotations/1.3/j2objc-annotations-1.3.jar:/home/nick/.m2/repository/org/apache/ant/ant/1.10.9/ant-1.10.9.jar:/home/nick/.m2/repository/org/apache/ant/ant-launcher/1.10.9/ant-launcher-1.10.9.jar:/usr/lib/jvm/java-8-openjdk/jre/../lib/tools.jar:/home/nick/.m2/repository/org/reflections/reflections/0.9.12/reflections-0.9.12.jar:/home/nick/.m2/repository/org/javassist/javassist/3.26.0-GA/javassist-3.26.0-GA.jar:/home/nick/.m2/repository/org/junit/jupiter/junit-jupiter-api/5.7.0/junit-jupiter-api-5.7.0.jar:/home/nick/.m2/repository/org/apiguardian/apiguardian-api/1.1.0/apiguardian-api-1.1.0.jar:/home/nick/.m2/repository/org/opentest4j/opentest4j/1.2.0/opentest4j-1.2.0.jar:/home/nick/.m2/repository/org/junit/platform/junit-platform-commons/1.7.0/junit-platform-commons-1.7.0.jar:/home/nick/.m2/repository/org/junit/jupiter/junit-jupiter-engine/5.7.0/junit-jupiter-engine-5.7.0.jar:/home/nick/.m2/repository/org/junit/platform/junit-platform-engine/1.7.0/junit-platform-engine-1.7.0.jar:/home/nick/.m2/repository/org/itsallcode/junit5-system-extensions/1.1.0/junit5-system-extensions-1.1.0.jar:/home/nick/.m2/repository/org/junit-pioneer/junit-pioneer/1.1.0/junit-pioneer-1.1.0.jar:/home/nick/.m2/repository/org/junit/jupiter/junit-jupiter-params/5.5.2/junit-jupiter-params-5.5.2.jar:/home/nick/.m2/repository/org/junit/platform/junit-platform-launcher/1.5.2/junit-platform-launcher-1.5.2.jar:/home/nick/.m2/repository/org/junit/vintage/junit-vintage-engine/5.7.0/junit-vintage-engine-5.7.0.jar:/home/nick/.m2/repository/junit/junit/4.13/junit-4.13.jar:/home/nick/.m2/repository/com/google/truth/truth/1.1/truth-1.1.jar:/home/nick/.m2/repository/com/google/auto/value/auto-value-annotations/1.7.4/auto-value-annotations-1.7.4.jar:/home/nick/.m2/repository/org/ow2/asm/asm/9.0/asm-9.0.jar:/home/nick/.m2/repository/com/github/stefanbirkner/system-rules/1.19.0/system-rules-1.19.0.jar:/home/nick/.m2/repository/nl/jqno/equalsverifier/equalsverifier/3.5/equalsverifier-3.5.jar:/home/nick/.m2/repository/org/powermock/powermock-api-mockito2/2.0.9/powermock-api-mockito2-2.0.9.jar:/home/nick/.m2/repository/org/powermock/powermock-api-support/2.0.9/powermock-api-support-2.0.9.jar:/home/nick/.m2/repository/org/powermock/powermock-reflect/2.0.9/powermock-reflect-2.0.9.jar:/home/nick/.m2/repository/net/bytebuddy/byte-buddy/1.10.14/byte-buddy-1.10.14.jar:/home/nick/.m2/repository/net/bytebuddy/byte-buddy-agent/1.10.14/byte-buddy-agent-1.10.14.jar:/home/nick/.m2/repository/org/powermock/powermock-core/2.0.9/powermock-core-2.0.9.jar:/home/nick/.m2/repository/org/mockito/mockito-core/3.3.3/mockito-core-3.3.3.jar:/home/nick/.m2/repository/org/objenesis/objenesis/2.6/objenesis-2.6.jar:/home/nick/.m2/repository/org/powermock/powermock-module-junit4/2.0.9/powermock-module-junit4-2.0.9.jar:/home/nick/.m2/repository/org/powermock/powermock-module-junit4-common/2.0.9/powermock-module-junit4-common-2.0.9.jar:/home/nick/.m2/repository/org/hamcrest/hamcrest-core/1.3/hamcrest-core-1.3.jar:/home/nick/.m2/repository/commons-io/commons-io/2.8.0/commons-io-2.8.0.jar:/home/nick/.m2/repository/org/eclipse/jgit/org.eclipse.jgit/5.9.0.202009080501-r/org.eclipse.jgit-5.9.0.202009080501-r.jar:/home/nick/.m2/repository/com/googlecode/javaewah/JavaEWAH/1.1.7/JavaEWAH-1.1.7.jar:/home/nick/.m2/repository/org/slf4j/slf4j-api/1.7.2/slf4j-api-1.7.2.jar:/home/nick/.m2/repository/org/slf4j/slf4j-simple/1.7.30/slf4j-simple-1.7.30.jar:/home/nick/.m2/repository/org/jacoco/org.jacoco.agent/0.8.6/org.jacoco.agent-0.8.6-runtime.jar:/home/nick/.m2/repository/net/sf/saxon/Saxon-HE/10.3/Saxon-HE-10.3.jar:src/test/resources-noncompilable:"/>
    <property name="nondexExecid" value="51DxbNWhObubUhic6pm4b2AeAQPVGWvF582tysrnSGw="/>
    <property name="sun.cpu.endian" value="little"/>
    <property name="user.home" value="/home/nick"/>
    <property name="user.language" value="en"/>
    <property name="java.specification.vendor" value="Oracle Corporation"/>
    <property name="java.home" value="/usr/lib/jvm/java-8-openjdk/jre"/>
    <property name="basedir" value="/home/nick/IdeaProjects/checkstyle"/>
    <property name="file.separator" value="/"/>
    <property name="line.separator" value="&#10;"/>
    <property name="nondexEnd" value="9223372036854775807"/>
    <property name="java.specification.name" value="Java Platform API Specification"/>
    <property name="java.vm.specification.vendor" value="Oracle Corporation"/>
    <property name="java.awt.graphicsenv" value="sun.awt.X11GraphicsEnvironment"/>
    <property name="nondexFilter" value=".*"/>
    <property name="nondexSeed" value="933178"/>
    <property name="surefire.real.class.path" value="/home/nick/IdeaProjects/checkstyle/target/surefire/surefirebooter6239336942997746565.jar"/>
    <property name="sun.boot.class.path" value="/home/nick/IdeaProjects/checkstyle/.nondex/nondex-instr.jar:/home/nick/.m2/repository/edu/illinois/nondex-common/1.1.2/nondex-common-1.1.2.jar:/home/nick/.m2/repository/edu/illinois/nondex-annotations/1.1.2/nondex-annotations-1.1.2.jar:/usr/lib/jvm/java-8-openjdk/jre/lib/resources.jar:/usr/lib/jvm/java-8-openjdk/jre/lib/rt.jar:/usr/lib/jvm/java-8-openjdk/jre/lib/sunrsasign.jar:/usr/lib/jvm/java-8-openjdk/jre/lib/jsse.jar:/usr/lib/jvm/java-8-openjdk/jre/lib/jce.jar:/usr/lib/jvm/java-8-openjdk/jre/lib/charsets.jar:/usr/lib/jvm/java-8-openjdk/jre/lib/jfr.jar:/usr/lib/jvm/java-8-openjdk/jre/classes"/>
    <property name="sun.management.compiler" value="HotSpot 64-Bit Tiered Compilers"/>
    <property name="java.runtime.version" value="1.8.0_265-b01"/>
    <property name="user.name" value="nick"/>
    <property name="path.separator" value=":"/>
    <property name="os.version" value="5.4.74-1-MANJARO"/>
    <property name="java.endorsed.dirs" value="/usr/lib/jvm/java-8-openjdk/jre/lib/endorsed"/>
    <property name="java.runtime.name" value="OpenJDK Runtime Environment"/>
    <property name="file.encoding" value="UTF-8"/>
    <property name="java.vm.name" value="OpenJDK 64-Bit Server VM"/>
    <property name="localRepository" value="/home/nick/.m2/repository"/>
    <property name="nondexDir" value="/home/nick/IdeaProjects/checkstyle/.nondex"/>
    <property name="nondexJarDir" value="/home/nick/IdeaProjects/checkstyle/.nondex"/>
    <property name="java.vendor.url.bug" value="http://bugreport.sun.com/bugreport/"/>
    <property name="java.io.tmpdir" value="/tmp"/>
    <property name="java.version" value="1.8.0_265"/>
    <property name="user.dir" value="/home/nick/IdeaProjects/checkstyle"/>
    <property name="os.arch" value="amd64"/>
    <property name="nondexMode" value="FULL"/>
    <property name="java.vm.specification.name" value="Java Virtual Machine Specification"/>
    <property name="java.awt.printerjob" value="sun.print.PSPrinterJob"/>
    <property name="sun.os.patch.level" value="unknown"/>
    <property name="java.library.path" value="/usr/java/packages/lib/amd64:/usr/lib64:/lib64:/lib:/usr/lib"/>
    <property name="java.vm.info" value="mixed mode"/>
    <property name="java.vendor" value="Oracle Corporation"/>
    <property name="java.vm.version" value="25.265-b01"/>
    <property name="sun.io.unicode.encoding" value="UnicodeLittle"/>
    <property name="java.ext.dirs" value="/usr/lib/jvm/java-8-openjdk/jre/lib/ext:/usr/java/packages/lib/ext"/>
    <property name="java.class.version" value="52.0"/>
    <property name="jacoco-agent.destfile" value="/home/nick/IdeaProjects/checkstyle/target/jacoco.exec"/>
    <property name="argLine" value="-Xms1024m -Xmx2048m"/>
  </properties>
  <testcase name="testInvalidDoWhileWithChecker" classname="com.puppycrawl.tools.checkstyle.checks.indentation.IndentationCheckTest" time="0.062"/>
  <testcase name="testNewChildren" classname="com.puppycrawl.tools.checkstyle.checks.indentation.IndentationCheckTest" time="0.048"/>
  <testcase name="testValidMethodWithChecker" classname="com.puppycrawl.tools.checkstyle.checks.indentation.IndentationCheckTest" time="0.063"/>
  <testcase name="test15Extensions" classname="com.puppycrawl.tools.checkstyle.checks.indentation.IndentationCheckTest" time="0.051"/>
  <testcase name="testThrowsIndentationLevel2" classname="com.puppycrawl.tools.checkstyle.checks.indentation.IndentationCheckTest" time="0.047"/>
  <testcase name="testValidClassDefWithChecker" classname="com.puppycrawl.tools.checkstyle.checks.indentation.IndentationCheckTest" time="0.064"/>
  <testcase name="testIndentationSwitchExpression" classname="com.puppycrawl.tools.checkstyle.checks.indentation.IndentationCheckTest" time="0.05"/>
  <testcase name="testStrictCondition" classname="com.puppycrawl.tools.checkstyle.checks.indentation.IndentationCheckTest" time="0.051"/>
  <testcase name="testIndentationRecordsAndCompactCtors" classname="com.puppycrawl.tools.checkstyle.checks.indentation.IndentationCheckTest" time="0.034"/>
  <testcase name="testEmptyArray" classname="com.puppycrawl.tools.checkstyle.checks.indentation.IndentationCheckTest" time="0.03"/>
  <testcase name="testInputAnnotationDefIndentationCheck" classname="com.puppycrawl.tools.checkstyle.checks.indentation.IndentationCheckTest" time="0.055"/>
  <testcase name="testSeparatedStatements" classname="com.puppycrawl.tools.checkstyle.checks.indentation.IndentationCheckTest" time="0.03"/>
  <testcase name="testForWithNoCurly" classname="com.puppycrawl.tools.checkstyle.checks.indentation.IndentationCheckTest" time="0.054"/>
  <testcase name="testArgumentOrderOfErrorMessages" classname="com.puppycrawl.tools.checkstyle.checks.indentation.IndentationCheckTest" time="0.003"/>
  <testcase name="testAnnotations" classname="com.puppycrawl.tools.checkstyle.checks.indentation.IndentationCheckTest" time="0.061"/>
  <testcase name="testAnnotationArrayInit" classname="com.puppycrawl.tools.checkstyle.checks.indentation.IndentationCheckTest" time="0.06"/>
  <testcase name="testAnnotationIncorrect" classname="com.puppycrawl.tools.checkstyle.checks.indentation.IndentationCheckTest" time="0.04"/>
  <testcase name="testMultipleAnnotationsWithWrappedLines" classname="com.puppycrawl.tools.checkstyle.checks.indentation.IndentationCheckTest" time="0.06"/>
  <testcase name="testInvalidAssignWithChecker" classname="com.puppycrawl.tools.checkstyle.checks.indentation.IndentationCheckTest" time="0.051"/>
  <testcase name="testInvalidClassDefWithChecker" classname="com.puppycrawl.tools.checkstyle.checks.indentation.IndentationCheckTest" time="0.065"/>
  <testcase name="testValidBlockWithChecker" classname="com.puppycrawl.tools.checkstyle.checks.indentation.IndentationCheckTest" time="0.06"/>
  <testcase name="testValidWhileWithChecker" classname="com.puppycrawl.tools.checkstyle.checks.indentation.IndentationCheckTest" time="0.057"/>
  <testcase name="testDifficultAnnotations" classname="com.puppycrawl.tools.checkstyle.checks.indentation.IndentationCheckTest" time="0.058"/>
  <testcase name="testIndentationRecords" classname="com.puppycrawl.tools.checkstyle.checks.indentation.IndentationCheckTest" time="0.053"/>
  <testcase name="testTabs" classname="com.puppycrawl.tools.checkstyle.checks.indentation.IndentationCheckTest" time="0.064"/>
  <testcase name="testInvalidMethodWithChecker" classname="com.puppycrawl.tools.checkstyle.checks.indentation.IndentationCheckTest" time="0.067"/>
  <testcase name="testAnonClassesFromGuava" classname="com.puppycrawl.tools.checkstyle.checks.indentation.IndentationCheckTest" time="0.061"/>
  <testcase name="testNewKeyword" classname="com.puppycrawl.tools.checkstyle.checks.indentation.IndentationCheckTest" time="0.049"/>
  <testcase name="testZeroAnnotationArrayInit" classname="com.puppycrawl.tools.checkstyle.checks.indentation.IndentationCheckTest" time="0.052"/>
  <testcase name="testValidLabel" classname="com.puppycrawl.tools.checkstyle.checks.indentation.IndentationCheckTest" time="0.053"/>
  <testcase name="testIndentationYieldStatement" classname="com.puppycrawl.tools.checkstyle.checks.indentation.IndentationCheckTest" time="0.056"/>
  <testcase name="testValidIfWithChecker" classname="com.puppycrawl.tools.checkstyle.checks.indentation.IndentationCheckTest" time="0.065"/>
  <testcase name="testTryResourcesNotStrict" classname="com.puppycrawl.tools.checkstyle.checks.indentation.IndentationCheckTest" time="0.055"/>
  <testcase name="testIndentationSwitchExpressionCorrect" classname="com.puppycrawl.tools.checkstyle.checks.indentation.IndentationCheckTest" time="0.048"/>
  <testcase name="testValidForWithChecker" classname="com.puppycrawl.tools.checkstyle.checks.indentation.IndentationCheckTest" time="0.062"/>
  <testcase name="testValidCommaWithChecker" classname="com.puppycrawl.tools.checkstyle.checks.indentation.IndentationCheckTest" time="0.053"/>
  <testcase name="testLambda1" classname="com.puppycrawl.tools.checkstyle.checks.indentation.IndentationCheckTest" time="0.058"/>
  <testcase name="testLambda2" classname="com.puppycrawl.tools.checkstyle.checks.indentation.IndentationCheckTest" time="0.049"/>
  <testcase name="testLambda3" classname="com.puppycrawl.tools.checkstyle.checks.indentation.IndentationCheckTest" time="0.046"/>
  <testcase name="testLambda4" classname="com.puppycrawl.tools.checkstyle.checks.indentation.IndentationCheckTest" time="0.043"/>
  <testcase name="testLambda5" classname="com.puppycrawl.tools.checkstyle.checks.indentation.IndentationCheckTest" time="0.043"/>
  <testcase name="testInvalidBlockWithChecker" classname="com.puppycrawl.tools.checkstyle.checks.indentation.IndentationCheckTest" time="0.065"/>
  <testcase name="testInvalidWhileWithChecker" classname="com.puppycrawl.tools.checkstyle.checks.indentation.IndentationCheckTest" time="0.076"/>
  <testcase name="testLambdaTrueForceStrictCondition" classname="com.puppycrawl.tools.checkstyle.checks.indentation.IndentationCheckTest" time="0.052"/>
  <testcase name="testValidSwitchWithChecker" classname="com.puppycrawl.tools.checkstyle.checks.indentation.IndentationCheckTest" time="0.056"/>
  <testcase name="testBraceAdjustment" classname="com.puppycrawl.tools.checkstyle.checks.indentation.IndentationCheckTest" time="0.05"/>
  <testcase name="testPackageDeclaration2" classname="com.puppycrawl.tools.checkstyle.checks.indentation.IndentationCheckTest" time="0.029"/>
  <testcase name="testPackageDeclaration3" classname="com.puppycrawl.tools.checkstyle.checks.indentation.IndentationCheckTest" time="0.028"/>
  <testcase name="testPackageDeclaration4" classname="com.puppycrawl.tools.checkstyle.checks.indentation.IndentationCheckTest" time="0.029"/>
  <testcase name="testOddAnnotations" classname="com.puppycrawl.tools.checkstyle.checks.indentation.IndentationCheckTest" time="0.053"/>
  <testcase name="testInvalidArrayInitWithTrueStrictCondition" classname="com.puppycrawl.tools.checkstyle.checks.indentation.IndentationCheckTest" time="0.052"/>
  <testcase name="testGetRequiredTokens" classname="com.puppycrawl.tools.checkstyle.checks.indentation.IndentationCheckTest" time="0.001"/>
  <testcase name="testZeroCaseLevel" classname="com.puppycrawl.tools.checkstyle.checks.indentation.IndentationCheckTest" time="0.049"/>
  <testcase name="testAnnotationClosingParenthesisEndsInSameIndentationAsOpening" classname="com.puppycrawl.tools.checkstyle.checks.indentation.IndentationCheckTest" time="0.036"/>
  <testcase name="testInvalidForWithChecker" classname="com.puppycrawl.tools.checkstyle.checks.indentation.IndentationCheckTest" time="0.055"/>
  <testcase name="testAndroidStyle" classname="com.puppycrawl.tools.checkstyle.checks.indentation.IndentationCheckTest" time="0.054"/>
  <testcase name="forbidOldStyle" classname="com.puppycrawl.tools.checkstyle.checks.indentation.IndentationCheckTest" time="0.049"/>
  <testcase name="testSynchronizedMethod" classname="com.puppycrawl.tools.checkstyle.checks.indentation.IndentationCheckTest" time="0.049"/>
  <testcase name="testIndentationLevel" classname="com.puppycrawl.tools.checkstyle.checks.indentation.IndentationCheckTest" time="0.051"/>
  <testcase name="testIndentationSwitchExpressionNewLine" classname="com.puppycrawl.tools.checkstyle.checks.indentation.IndentationCheckTest" time="0.03"/>
  <testcase name="testValidArrayInitDefaultIndentWithChecker" classname="com.puppycrawl.tools.checkstyle.checks.indentation.IndentationCheckTest" time="0.055"/>
  <testcase name="testCtorCall" classname="com.puppycrawl.tools.checkstyle.checks.indentation.IndentationCheckTest" time="0.045"/>
  <testcase name="testTryResourcesStrict" classname="com.puppycrawl.tools.checkstyle.checks.indentation.IndentationCheckTest" time="0.049"/>
  <testcase name="testInvalidLabelWithWhileLoop" classname="com.puppycrawl.tools.checkstyle.checks.indentation.IndentationCheckTest" time="0.051"/>
  <testcase name="testDoWhileWithoutCurly" classname="com.puppycrawl.tools.checkstyle.checks.indentation.IndentationCheckTest" time="0.055"/>
  <testcase name="testThrowsIndentationLevel" classname="com.puppycrawl.tools.checkstyle.checks.indentation.IndentationCheckTest" time="0.053"/>
  <testcase name="testAnonymousClassInMethodWithCurlyOnNewLine" classname="com.puppycrawl.tools.checkstyle.checks.indentation.IndentationCheckTest" time="0.05"/>
  <testcase name="testAnonymousClassInMethod" classname="com.puppycrawl.tools.checkstyle.checks.indentation.IndentationCheckTest" time="0.048"/>
  <testcase name="testAnnotationArrayInitGoodCase" classname="com.puppycrawl.tools.checkstyle.checks.indentation.IndentationCheckTest" time="0.05"/>
  <testcase name="testInputAnnotationScopeIndentationCheck" classname="com.puppycrawl.tools.checkstyle.checks.indentation.IndentationCheckTest" time="0.037"/>
  <testcase name="testMembers" classname="com.puppycrawl.tools.checkstyle.checks.indentation.IndentationCheckTest" time="0.053"/>
  <testcase name="testNewHandler" classname="com.puppycrawl.tools.checkstyle.checks.indentation.IndentationCheckTest" time="0.03"/>
  <testcase name="testAlternativeGoogleStyleSwitchCaseAndEnums" classname="com.puppycrawl.tools.checkstyle.checks.indentation.IndentationCheckTest" time="0.052"/>
  <testcase name="testMethodChaining" classname="com.puppycrawl.tools.checkstyle.checks.indentation.IndentationCheckTest" time="0.033"/>
  <testcase name="testValidInterfaceDefWithChecker" classname="com.puppycrawl.tools.checkstyle.checks.indentation.IndentationCheckTest" time="0.049"/>
  <testcase name="testInvalidSwitchWithChecker" classname="com.puppycrawl.tools.checkstyle.checks.indentation.IndentationCheckTest" time="0.056"/>
  <testcase name="testIfElseWithNoCurly" classname="com.puppycrawl.tools.checkstyle.checks.indentation.IndentationCheckTest" time="0.054"/>
  <testcase name="testValidDotWithChecker" classname="com.puppycrawl.tools.checkstyle.checks.indentation.IndentationCheckTest" time="0.053"/>
  <testcase name="testAnnotationDefinition" classname="com.puppycrawl.tools.checkstyle.checks.indentation.IndentationCheckTest" time="0.03"/>
  <testcase name="testInvalidArrayInitWithChecker" classname="com.puppycrawl.tools.checkstyle.checks.indentation.IndentationCheckTest" time="0.053"/>
  <testcase name="testValidDoWhileWithChecker" classname="com.puppycrawl.tools.checkstyle.checks.indentation.IndentationCheckTest" time="0.053"/>
  <testcase name="testAnonymousClasses" classname="com.puppycrawl.tools.checkstyle.checks.indentation.IndentationCheckTest" time="0.052"/>
  <testcase name="testValidTryWithChecker" classname="com.puppycrawl.tools.checkstyle.checks.indentation.IndentationCheckTest" time="0.052"/>
  <testcase name="testAnnotationArrayInitGoodCaseTwo" classname="com.puppycrawl.tools.checkstyle.checks.indentation.IndentationCheckTest" time="0.05"/>
  <testcase name="testLambdaFalseForceStrictCondition" classname="com.puppycrawl.tools.checkstyle.checks.indentation.IndentationCheckTest" time="0.046"/>
  <testcase name="testLambdaOddConditions" classname="com.puppycrawl.tools.checkstyle.checks.indentation.IndentationCheckTest" time="0.045"/>
  <testcase name="testInvalidIfWithChecker" classname="com.puppycrawl.tools.checkstyle.checks.indentation.IndentationCheckTest" time="0.063"/>
  <testcase name="testMethodCallLineWrap" classname="com.puppycrawl.tools.checkstyle.checks.indentation.IndentationCheckTest" time="0.053"/>
  <testcase name="testInvalidImportIndent" classname="com.puppycrawl.tools.checkstyle.checks.indentation.IndentationCheckTest" time="0.031"/>
  <testcase name="testArrays" classname="com.puppycrawl.tools.checkstyle.checks.indentation.IndentationCheckTest" time="0.054"/>
  <testcase name="testInvalidInvalidAnonymousClass" classname="com.puppycrawl.tools.checkstyle.checks.indentation.IndentationCheckTest" time="0.052"/>
  <testcase name="testCaseLevel" classname="com.puppycrawl.tools.checkstyle.checks.indentation.IndentationCheckTest" time="0.051"/>
  <testcase name="testClassesAndMethods" classname="com.puppycrawl.tools.checkstyle.checks.indentation.IndentationCheckTest" time="0.05"/>
  <testcase name="testChainedMethodWithBracketOnNewLine" classname="com.puppycrawl.tools.checkstyle.checks.indentation.IndentationCheckTest" time="0.052"/>
  <testcase name="testLabels" classname="com.puppycrawl.tools.checkstyle.checks.indentation.IndentationCheckTest" time="0.053"/>
  <testcase name="testGetAcceptableTokens" classname="com.puppycrawl.tools.checkstyle.checks.indentation.IndentationCheckTest" time="0.001"/>
  <testcase name="testInvalidLabel" classname="com.puppycrawl.tools.checkstyle.checks.indentation.IndentationCheckTest" time="0.054"/>
  <testcase name="testTwoStatementsPerLine" classname="com.puppycrawl.tools.checkstyle.checks.indentation.IndentationCheckTest" time="0.033"/>
  <testcase name="testInvalidTryWithChecker" classname="com.puppycrawl.tools.checkstyle.checks.indentation.IndentationCheckTest" time="0.055"/>
  <testcase name="testAnnotationArrayInitTwo" classname="com.puppycrawl.tools.checkstyle.checks.indentation.IndentationCheckTest" time="0.053"/>
  <testcase name="testCorrectIfAndParameters" classname="com.puppycrawl.tools.checkstyle.checks.indentation.IndentationCheckTest" time="0.057"/>
  <testcase name="testSwitchCustom" classname="com.puppycrawl.tools.checkstyle.checks.indentation.IndentationCheckTest" time="0.051"/>
  <testcase name="testSynchronizedStatement" classname="com.puppycrawl.tools.checkstyle.checks.indentation.IndentationCheckTest" time="0.05"/>
  <testcase name="testValidArrayInitWithChecker" classname="com.puppycrawl.tools.checkstyle.checks.indentation.IndentationCheckTest" time="0.052"/>
  <testcase name="testPackageDeclaration" classname="com.puppycrawl.tools.checkstyle.checks.indentation.IndentationCheckTest" time="0.03"/>
  <testcase name="testSeparatedLineWithJustSpaces" classname="com.puppycrawl.tools.checkstyle.checks.indentation.IndentationCheckTest" time="0.029"/>
  <testcase name="testThrowsIndentProperty" classname="com.puppycrawl.tools.checkstyle.checks.indentation.IndentationCheckTest" time="0.001"/>
  <testcase name="testValidAssignWithChecker" classname="com.puppycrawl.tools.checkstyle.checks.indentation.IndentationCheckTest" time="0.054"/>
  <testcase name="testWhileWithNoCurly" classname="com.puppycrawl.tools.checkstyle.checks.indentation.IndentationCheckTest" time="0.051"/>
  <testcase name="testMethodPrecedeByAnnotationsWithParameterOnSeparateLine" classname="com.puppycrawl.tools.checkstyle.checks.indentation.IndentationCheckTest" time="0.045"/>
  <testcase name="testTryResources" classname="com.puppycrawl.tools.checkstyle.checks.indentation.IndentationCheckTest" time="0.05"/>
</testsuite>