<?xml version="1.0" encoding="UTF-8"?>
<testsuite xmlns:xsi="http://www.w3.org/2001/XMLSchema-instance" xsi:noNamespaceSchemaLocation="https://maven.apache.org/surefire/maven-surefire-plugin/xsd/surefire-test-report.xsd" name="com.puppycrawl.tools.checkstyle.MainTest" time="1.818" tests="79" errors="28" skipped="0" failures="0">
  <properties>
    <property name="awt.toolkit" value="sun.awt.X11.XToolkit"/>
    <property name="java.specification.version" value="1.8"/>
    <property name="nondexStart" value="0"/>
    <property name="file.encoding.pkg" value="sun.io"/>
    <property name="sun.cpu.isalist" value=""/>
    <property name="sun.jnu.encoding" value="UTF-8"/>
    <property name="java.class.path" value="/home/nick/IdeaProjects/checkstyle/target/test-classes:/home/nick/IdeaProjects/checkstyle/target/classes:/home/nick/.m2/repository/com/tngtech/archunit/archunit-junit5/0.14.1/archunit-junit5-0.14.1.jar:/home/nick/.m2/repository/com/tngtech/archunit/archunit-junit5-api/0.14.1/archunit-junit5-api-0.14.1.jar:/home/nick/.m2/repository/com/tngtech/archunit/archunit/0.14.1/archunit-0.14.1.jar:/home/nick/.m2/repository/com/tngtech/archunit/archunit-junit5-engine/0.14.1/archunit-junit5-engine-0.14.1.jar:/home/nick/.m2/repository/com/tngtech/archunit/archunit-junit5-engine-api/0.14.1/archunit-junit5-engine-api-0.14.1.jar:/home/nick/.m2/repository/info/picocli/picocli/4.5.2/picocli-4.5.2.jar:/home/nick/.m2/repository/antlr/antlr/2.7.7/antlr-2.7.7.jar:/home/nick/.m2/repository/org/antlr/antlr4-runtime/4.8-1/antlr4-runtime-4.8-1.jar:/home/nick/.m2/repository/commons-beanutils/commons-beanutils/1.9.4/commons-beanutils-1.9.4.jar:/home/nick/.m2/repository/commons-logging/commons-logging/1.2/commons-logging-1.2.jar:/home/nick/.m2/repository/commons-collections/commons-collections/3.2.2/commons-collections-3.2.2.jar:/home/nick/.m2/repository/com/google/guava/guava/30.0-jre/guava-30.0-jre.jar:/home/nick/.m2/repository/com/google/guava/failureaccess/1.0.1/failureaccess-1.0.1.jar:/home/nick/.m2/repository/com/google/guava/listenablefuture/9999.0-empty-to-avoid-conflict-with-guava/listenablefuture-9999.0-empty-to-avoid-conflict-with-guava.jar:/home/nick/.m2/repository/com/google/code/findbugs/jsr305/3.0.2/jsr305-3.0.2.jar:/home/nick/.m2/repository/org/checkerframework/checker-qual/3.5.0/checker-qual-3.5.0.jar:/home/nick/.m2/repository/com/google/errorprone/error_prone_annotations/2.3.4/error_prone_annotations-2.3.4.jar:/home/nick/.m2/repository/com/google/j2objc/j2objc-annotations/1.3/j2objc-annotations-1.3.jar:/home/nick/.m2/repository/org/apache/ant/ant/1.10.9/ant-1.10.9.jar:/home/nick/.m2/repository/org/apache/ant/ant-launcher/1.10.9/ant-launcher-1.10.9.jar:/usr/lib/jvm/java-8-openjdk/jre/../lib/tools.jar:/home/nick/.m2/repository/org/reflections/reflections/0.9.12/reflections-0.9.12.jar:/home/nick/.m2/repository/org/javassist/javassist/3.26.0-GA/javassist-3.26.0-GA.jar:/home/nick/.m2/repository/org/junit/jupiter/junit-jupiter-api/5.7.0/junit-jupiter-api-5.7.0.jar:/home/nick/.m2/repository/org/apiguardian/apiguardian-api/1.1.0/apiguardian-api-1.1.0.jar:/home/nick/.m2/repository/org/opentest4j/opentest4j/1.2.0/opentest4j-1.2.0.jar:/home/nick/.m2/repository/org/junit/platform/junit-platform-commons/1.7.0/junit-platform-commons-1.7.0.jar:/home/nick/.m2/repository/org/junit/jupiter/junit-jupiter-engine/5.7.0/junit-jupiter-engine-5.7.0.jar:/home/nick/.m2/repository/org/junit/platform/junit-platform-engine/1.7.0/junit-platform-engine-1.7.0.jar:/home/nick/.m2/repository/org/itsallcode/junit5-system-extensions/1.1.0/junit5-system-extensions-1.1.0.jar:/home/nick/.m2/repository/org/junit-pioneer/junit-pioneer/1.1.0/junit-pioneer-1.1.0.jar:/home/nick/.m2/repository/org/junit/jupiter/junit-jupiter-params/5.5.2/junit-jupiter-params-5.5.2.jar:/home/nick/.m2/repository/org/junit/platform/junit-platform-launcher/1.5.2/junit-platform-launcher-1.5.2.jar:/home/nick/.m2/repository/org/junit/vintage/junit-vintage-engine/5.7.0/junit-vintage-engine-5.7.0.jar:/home/nick/.m2/repository/junit/junit/4.13/junit-4.13.jar:/home/nick/.m2/repository/com/google/truth/truth/1.1/truth-1.1.jar:/home/nick/.m2/repository/com/google/auto/value/auto-value-annotations/1.7.4/auto-value-annotations-1.7.4.jar:/home/nick/.m2/repository/org/ow2/asm/asm/9.0/asm-9.0.jar:/home/nick/.m2/repository/com/github/stefanbirkner/system-rules/1.19.0/system-rules-1.19.0.jar:/home/nick/.m2/repository/nl/jqno/equalsverifier/equalsverifier/3.5/equalsverifier-3.5.jar:/home/nick/.m2/repository/org/powermock/powermock-api-mockito2/2.0.9/powermock-api-mockito2-2.0.9.jar:/home/nick/.m2/repository/org/powermock/powermock-api-support/2.0.9/powermock-api-support-2.0.9.jar:/home/nick/.m2/repository/org/powermock/powermock-reflect/2.0.9/powermock-reflect-2.0.9.jar:/home/nick/.m2/repository/net/bytebuddy/byte-buddy/1.10.14/byte-buddy-1.10.14.jar:/home/nick/.m2/repository/net/bytebuddy/byte-buddy-agent/1.10.14/byte-buddy-agent-1.10.14.jar:/home/nick/.m2/repository/org/powermock/powermock-core/2.0.9/powermock-core-2.0.9.jar:/home/nick/.m2/repository/org/mockito/mockito-core/3.3.3/mockito-core-3.3.3.jar:/home/nick/.m2/repository/org/objenesis/objenesis/2.6/objenesis-2.6.jar:/home/nick/.m2/repository/org/powermock/powermock-module-junit4/2.0.9/powermock-module-junit4-2.0.9.jar:/home/nick/.m2/repository/org/powermock/powermock-module-junit4-common/2.0.9/powermock-module-junit4-common-2.0.9.jar:/home/nick/.m2/repository/org/hamcrest/hamcrest-core/1.3/hamcrest-core-1.3.jar:/home/nick/.m2/repository/commons-io/commons-io/2.8.0/commons-io-2.8.0.jar:/home/nick/.m2/repository/org/eclipse/jgit/org.eclipse.jgit/5.9.0.202009080501-r/org.eclipse.jgit-5.9.0.202009080501-r.jar:/home/nick/.m2/repository/com/googlecode/javaewah/JavaEWAH/1.1.7/JavaEWAH-1.1.7.jar:/home/nick/.m2/repository/org/slf4j/slf4j-api/1.7.2/slf4j-api-1.7.2.jar:/home/nick/.m2/repository/org/slf4j/slf4j-simple/1.7.30/slf4j-simple-1.7.30.jar:/home/nick/.m2/repository/org/jacoco/org.jacoco.agent/0.8.6/org.jacoco.agent-0.8.6-runtime.jar:/home/nick/.m2/repository/net/sf/saxon/Saxon-HE/10.3/Saxon-HE-10.3.jar:src/test/resources-noncompilable:"/>
    <property name="java.vm.vendor" value="Oracle Corporation"/>
    <property name="nondexPrintstack" value="false"/>
    <property name="sun.arch.data.model" value="64"/>
    <property name="java.vendor.url" value="http://java.oracle.com/"/>
    <property name="user.timezone" value=""/>
    <property name="os.name" value="Linux"/>
    <property name="java.vm.specification.version" value="1.8"/>
    <property name="sun.java.launcher" value="SUN_STANDARD"/>
    <property name="user.country" value="US"/>
    <property name="sun.boot.library.path" value="/usr/lib/jvm/java-8-openjdk/jre/lib/amd64"/>
    <property name="nondexLogging" value="CONFIG"/>
    <property name="sun.java.command" value="/home/nick/IdeaProjects/checkstyle/target/surefire/surefirebooter1560171087238395147.jar /home/nick/IdeaProjects/checkstyle/target/surefire 2020-12-06T07-37-31_157-jvmRun1 surefire4225990892717741897tmp surefire_18934206220142730645tmp"/>
    <property name="surefire.test.class.path" value="/home/nick/IdeaProjects/checkstyle/target/test-classes:/home/nick/IdeaProjects/checkstyle/target/classes:/home/nick/.m2/repository/com/tngtech/archunit/archunit-junit5/0.14.1/archunit-junit5-0.14.1.jar:/home/nick/.m2/repository/com/tngtech/archunit/archunit-junit5-api/0.14.1/archunit-junit5-api-0.14.1.jar:/home/nick/.m2/repository/com/tngtech/archunit/archunit/0.14.1/archunit-0.14.1.jar:/home/nick/.m2/repository/com/tngtech/archunit/archunit-junit5-engine/0.14.1/archunit-junit5-engine-0.14.1.jar:/home/nick/.m2/repository/com/tngtech/archunit/archunit-junit5-engine-api/0.14.1/archunit-junit5-engine-api-0.14.1.jar:/home/nick/.m2/repository/info/picocli/picocli/4.5.2/picocli-4.5.2.jar:/home/nick/.m2/repository/antlr/antlr/2.7.7/antlr-2.7.7.jar:/home/nick/.m2/repository/org/antlr/antlr4-runtime/4.8-1/antlr4-runtime-4.8-1.jar:/home/nick/.m2/repository/commons-beanutils/commons-beanutils/1.9.4/commons-beanutils-1.9.4.jar:/home/nick/.m2/repository/commons-logging/commons-logging/1.2/commons-logging-1.2.jar:/home/nick/.m2/repository/commons-collections/commons-collections/3.2.2/commons-collections-3.2.2.jar:/home/nick/.m2/repository/com/google/guava/guava/30.0-jre/guava-30.0-jre.jar:/home/nick/.m2/repository/com/google/guava/failureaccess/1.0.1/failureaccess-1.0.1.jar:/home/nick/.m2/repository/com/google/guava/listenablefuture/9999.0-empty-to-avoid-conflict-with-guava/listenablefuture-9999.0-empty-to-avoid-conflict-with-guava.jar:/home/nick/.m2/repository/com/google/code/findbugs/jsr305/3.0.2/jsr305-3.0.2.jar:/home/nick/.m2/repository/org/checkerframework/checker-qual/3.5.0/checker-qual-3.5.0.jar:/home/nick/.m2/repository/com/google/errorprone/error_prone_annotations/2.3.4/error_prone_annotations-2.3.4.jar:/home/nick/.m2/repository/com/google/j2objc/j2objc-annotations/1.3/j2objc-annotations-1.3.jar:/home/nick/.m2/repository/org/apache/ant/ant/1.10.9/ant-1.10.9.jar:/home/nick/.m2/repository/org/apache/ant/ant-launcher/1.10.9/ant-launcher-1.10.9.jar:/usr/lib/jvm/java-8-openjdk/jre/../lib/tools.jar:/home/nick/.m2/repository/org/reflections/reflections/0.9.12/reflections-0.9.12.jar:/home/nick/.m2/repository/org/javassist/javassist/3.26.0-GA/javassist-3.26.0-GA.jar:/home/nick/.m2/repository/org/junit/jupiter/junit-jupiter-api/5.7.0/junit-jupiter-api-5.7.0.jar:/home/nick/.m2/repository/org/apiguardian/apiguardian-api/1.1.0/apiguardian-api-1.1.0.jar:/home/nick/.m2/repository/org/opentest4j/opentest4j/1.2.0/opentest4j-1.2.0.jar:/home/nick/.m2/repository/org/junit/platform/junit-platform-commons/1.7.0/junit-platform-commons-1.7.0.jar:/home/nick/.m2/repository/org/junit/jupiter/junit-jupiter-engine/5.7.0/junit-jupiter-engine-5.7.0.jar:/home/nick/.m2/repository/org/junit/platform/junit-platform-engine/1.7.0/junit-platform-engine-1.7.0.jar:/home/nick/.m2/repository/org/itsallcode/junit5-system-extensions/1.1.0/junit5-system-extensions-1.1.0.jar:/home/nick/.m2/repository/org/junit-pioneer/junit-pioneer/1.1.0/junit-pioneer-1.1.0.jar:/home/nick/.m2/repository/org/junit/jupiter/junit-jupiter-params/5.5.2/junit-jupiter-params-5.5.2.jar:/home/nick/.m2/repository/org/junit/platform/junit-platform-launcher/1.5.2/junit-platform-launcher-1.5.2.jar:/home/nick/.m2/repository/org/junit/vintage/junit-vintage-engine/5.7.0/junit-vintage-engine-5.7.0.jar:/home/nick/.m2/repository/junit/junit/4.13/junit-4.13.jar:/home/nick/.m2/repository/com/google/truth/truth/1.1/truth-1.1.jar:/home/nick/.m2/repository/com/google/auto/value/auto-value-annotations/1.7.4/auto-value-annotations-1.7.4.jar:/home/nick/.m2/repository/org/ow2/asm/asm/9.0/asm-9.0.jar:/home/nick/.m2/repository/com/github/stefanbirkner/system-rules/1.19.0/system-rules-1.19.0.jar:/home/nick/.m2/repository/nl/jqno/equalsverifier/equalsverifier/3.5/equalsverifier-3.5.jar:/home/nick/.m2/repository/org/powermock/powermock-api-mockito2/2.0.9/powermock-api-mockito2-2.0.9.jar:/home/nick/.m2/repository/org/powermock/powermock-api-support/2.0.9/powermock-api-support-2.0.9.jar:/home/nick/.m2/repository/org/powermock/powermock-reflect/2.0.9/powermock-reflect-2.0.9.jar:/home/nick/.m2/repository/net/bytebuddy/byte-buddy/1.10.14/byte-buddy-1.10.14.jar:/home/nick/.m2/repository/net/bytebuddy/byte-buddy-agent/1.10.14/byte-buddy-agent-1.10.14.jar:/home/nick/.m2/repository/org/powermock/powermock-core/2.0.9/powermock-core-2.0.9.jar:/home/nick/.m2/repository/org/mockito/mockito-core/3.3.3/mockito-core-3.3.3.jar:/home/nick/.m2/repository/org/objenesis/objenesis/2.6/objenesis-2.6.jar:/home/nick/.m2/repository/org/powermock/powermock-module-junit4/2.0.9/powermock-module-junit4-2.0.9.jar:/home/nick/.m2/repository/org/powermock/powermock-module-junit4-common/2.0.9/powermock-module-junit4-common-2.0.9.jar:/home/nick/.m2/repository/org/hamcrest/hamcrest-core/1.3/hamcrest-core-1.3.jar:/home/nick/.m2/repository/commons-io/commons-io/2.8.0/commons-io-2.8.0.jar:/home/nick/.m2/repository/org/eclipse/jgit/org.eclipse.jgit/5.9.0.202009080501-r/org.eclipse.jgit-5.9.0.202009080501-r.jar:/home/nick/.m2/repository/com/googlecode/javaewah/JavaEWAH/1.1.7/JavaEWAH-1.1.7.jar:/home/nick/.m2/repository/org/slf4j/slf4j-api/1.7.2/slf4j-api-1.7.2.jar:/home/nick/.m2/repository/org/slf4j/slf4j-simple/1.7.30/slf4j-simple-1.7.30.jar:/home/nick/.m2/repository/org/jacoco/org.jacoco.agent/0.8.6/org.jacoco.agent-0.8.6-runtime.jar:/home/nick/.m2/repository/net/sf/saxon/Saxon-HE/10.3/Saxon-HE-10.3.jar:src/test/resources-noncompilable:"/>
    <property name="nondexExecid" value="DHYOT7wzFcv1D5HlkdDcLF8e9PRvUQdmKaDrsD5Kw="/>
    <property name="sun.cpu.endian" value="little"/>
    <property name="user.home" value="/home/nick"/>
    <property name="user.language" value="en"/>
    <property name="java.specification.vendor" value="Oracle Corporation"/>
    <property name="java.home" value="/usr/lib/jvm/java-8-openjdk/jre"/>
    <property name="file.separator" value="/"/>
    <property name="basedir" value="/home/nick/IdeaProjects/checkstyle"/>
    <property name="line.separator" value="&#10;"/>
    <property name="nondexEnd" value="9223372036854775807"/>
    <property name="java.vm.specification.vendor" value="Oracle Corporation"/>
    <property name="java.specification.name" value="Java Platform API Specification"/>
    <property name="java.awt.graphicsenv" value="sun.awt.X11GraphicsEnvironment"/>
    <property name="nondexFilter" value=".*"/>
    <property name="nondexSeed" value="933178"/>
    <property name="surefire.real.class.path" value="/home/nick/IdeaProjects/checkstyle/target/surefire/surefirebooter1560171087238395147.jar"/>
    <property name="sun.boot.class.path" value="/home/nick/IdeaProjects/checkstyle/.nondex/nondex-instr.jar:/home/nick/.m2/repository/edu/illinois/nondex-common/1.1.2/nondex-common-1.1.2.jar:/home/nick/.m2/repository/edu/illinois/nondex-annotations/1.1.2/nondex-annotations-1.1.2.jar:/usr/lib/jvm/java-8-openjdk/jre/lib/resources.jar:/usr/lib/jvm/java-8-openjdk/jre/lib/rt.jar:/usr/lib/jvm/java-8-openjdk/jre/lib/sunrsasign.jar:/usr/lib/jvm/java-8-openjdk/jre/lib/jsse.jar:/usr/lib/jvm/java-8-openjdk/jre/lib/jce.jar:/usr/lib/jvm/java-8-openjdk/jre/lib/charsets.jar:/usr/lib/jvm/java-8-openjdk/jre/lib/jfr.jar:/usr/lib/jvm/java-8-openjdk/jre/classes"/>
    <property name="sun.management.compiler" value="HotSpot 64-Bit Tiered Compilers"/>
    <property name="java.runtime.version" value="1.8.0_265-b01"/>
    <property name="user.name" value="nick"/>
    <property name="path.separator" value=":"/>
    <property name="os.version" value="5.4.74-1-MANJARO"/>
    <property name="java.endorsed.dirs" value="/usr/lib/jvm/java-8-openjdk/jre/lib/endorsed"/>
    <property name="java.runtime.name" value="OpenJDK Runtime Environment"/>
    <property name="file.encoding" value="UTF-8"/>
    <property name="java.vm.name" value="OpenJDK 64-Bit Server VM"/>
    <property name="localRepository" value="/home/nick/.m2/repository"/>
    <property name="nondexDir" value="/home/nick/IdeaProjects/checkstyle/.nondex"/>
    <property name="java.vendor.url.bug" value="http://bugreport.sun.com/bugreport/"/>
    <property name="nondexJarDir" value="/home/nick/IdeaProjects/checkstyle/.nondex"/>
    <property name="java.io.tmpdir" value="/tmp"/>
    <property name="java.version" value="1.8.0_265"/>
    <property name="user.dir" value="/home/nick/IdeaProjects/checkstyle"/>
    <property name="os.arch" value="amd64"/>
    <property name="nondexMode" value="FULL"/>
    <property name="java.vm.specification.name" value="Java Virtual Machine Specification"/>
    <property name="java.awt.printerjob" value="sun.print.PSPrinterJob"/>
    <property name="sun.os.patch.level" value="unknown"/>
    <property name="java.library.path" value="/usr/java/packages/lib/amd64:/usr/lib64:/lib64:/lib:/usr/lib"/>
    <property name="java.vendor" value="Oracle Corporation"/>
    <property name="java.vm.info" value="mixed mode"/>
    <property name="java.vm.version" value="25.265-b01"/>
    <property name="java.ext.dirs" value="/usr/lib/jvm/java-8-openjdk/jre/lib/ext:/usr/java/packages/lib/ext"/>
    <property name="sun.io.unicode.encoding" value="UnicodeLittle"/>
    <property name="java.class.version" value="52.0"/>
    <property name="jacoco-agent.destfile" value="/home/nick/IdeaProjects/checkstyle/target/jacoco.exec"/>
  </properties>
  <testcase name="testExceptionOnExecuteIgnoredModuleWithUnknownModuleName{Capturable}" classname="com.puppycrawl.tools.checkstyle.MainTest" time="0.167">
    <error message="java/util/WeakHashMap$HashIterator$HashIteratorShuffler" type="java.lang.NoClassDefFoundError">java.lang.NoClassDefFoundError: java/util/WeakHashMap$HashIterator$HashIteratorShuffler
	at com.puppycrawl.tools.checkstyle.MainTest.invokeMain(MainTest.java:1532)
	at com.puppycrawl.tools.checkstyle.MainTest.lambda$testExceptionOnExecuteIgnoredModuleWithUnknownModuleName$33(MainTest.java:1464)
	at com.puppycrawl.tools.checkstyle.MainTest.testExceptionOnExecuteIgnoredModuleWithUnknownModuleName(MainTest.java:1463)
</error>
  </testcase>
  <testcase name="testPlainOutputFormatCreateListener" classname="com.puppycrawl.tools.checkstyle.MainTest" time="0.003"/>
  <testcase name="testExcludeOption{Capturable, Capturable}" classname="com.puppycrawl.tools.checkstyle.MainTest" time="0.01"/>
  <testcase name="testWrongArgument{Capturable, Capturable}" classname="com.puppycrawl.tools.checkstyle.MainTest" time="0.01"/>
  <testcase name="testGenerateXpathSuppressionOptionDefaultTabWidth{Capturable, Capturable}" classname="com.puppycrawl.tools.checkstyle.MainTest" time="0.019">
    <error message="java/util/WeakHashMap$HashIterator$HashIteratorShuffler" type="java.lang.NoClassDefFoundError">java.lang.NoClassDefFoundError: java/util/WeakHashMap$HashIterator$HashIteratorShuffler
	at com.puppycrawl.tools.checkstyle.MainTest.testGenerateXpathSuppressionOptionDefaultTabWidth(MainTest.java:1271)
</error>
  </testcase>
  <testcase name="testPrintXpathCommentNode{Capturable, Capturable}" classname="com.puppycrawl.tools.checkstyle.MainTest" time="0.012"/>
  <testcase name="testIsProperUtilsClass" classname="com.puppycrawl.tools.checkstyle.MainTest" time="0.004"/>
  <testcase name="testListFilesNotFile" classname="com.puppycrawl.tools.checkstyle.MainTest" time="0.005"/>
  <testcase name="testExcludeOptionFile{Capturable, Capturable}" classname="com.puppycrawl.tools.checkstyle.MainTest" time="0.013"/>
  <testcase name="testExistingTargetFileXmlOutput{Capturable, Capturable}" classname="com.puppycrawl.tools.checkstyle.MainTest" time="0.015">
    <error message="java/util/WeakHashMap$HashIterator$HashIteratorShuffler" type="java.lang.NoClassDefFoundError">java.lang.NoClassDefFoundError: java/util/WeakHashMap$HashIterator$HashIteratorShuffler
	at com.puppycrawl.tools.checkstyle.MainTest.testExistingTargetFileXmlOutput(MainTest.java:376)
</error>
  </testcase>
  <testcase name="testExistingTargetFilePlainOutputNonexistentProperties{Capturable, Capturable}" classname="com.puppycrawl.tools.checkstyle.MainTest" time="0.011"/>
  <testcase name="testNonExistentTargetFile{Capturable, Capturable}" classname="com.puppycrawl.tools.checkstyle.MainTest" time="0.01"/>
  <testcase name="testExcludeRegexpOptionFile{Capturable, Capturable}" classname="com.puppycrawl.tools.checkstyle.MainTest" time="0.008"/>
  <testcase name="testExistingIncorrectChildrenInConfigFile{Capturable}" classname="com.puppycrawl.tools.checkstyle.MainTest" time="0.016">
    <error message="java/util/WeakHashMap$HashIterator$HashIteratorShuffler" type="java.lang.NoClassDefFoundError">java.lang.NoClassDefFoundError: java/util/WeakHashMap$HashIterator$HashIteratorShuffler
	at com.puppycrawl.tools.checkstyle.MainTest.invokeMain(MainTest.java:1532)
	at com.puppycrawl.tools.checkstyle.MainTest.lambda$testExistingIncorrectChildrenInConfigFile$13(MainTest.java:641)
	at com.puppycrawl.tools.checkstyle.MainTest.testExistingIncorrectChildrenInConfigFile(MainTest.java:640)
</error>
  </testcase>
  <testcase name="testNonClosedSystemStreams" classname="com.puppycrawl.tools.checkstyle.MainTest" time="0.012">
    <error message="java/util/WeakHashMap$HashIterator$HashIteratorShuffler" type="java.lang.NoClassDefFoundError">java.lang.NoClassDefFoundError: java/util/WeakHashMap$HashIterator$HashIteratorShuffler
	at com.puppycrawl.tools.checkstyle.MainTest.testNonClosedSystemStreams(MainTest.java:401)
</error>
  </testcase>
  <testcase name="testPrintXpathInvalidXpath{Capturable}" classname="com.puppycrawl.tools.checkstyle.MainTest" time="0.014"/>
  <testcase name="testPrintTreeCommentsOption{Capturable, Capturable}" classname="com.puppycrawl.tools.checkstyle.MainTest" time="0.015"/>
  <testcase name="testNonExistentConfigFile{Capturable, Capturable}" classname="com.puppycrawl.tools.checkstyle.MainTest" time="0.013"/>
  <testcase name="testExistingDirectoryWithViolations{Capturable, Capturable}" classname="com.puppycrawl.tools.checkstyle.MainTest" time="0.018">
    <error message="java/util/WeakHashMap$HashIterator$HashIteratorShuffler" type="java.lang.NoClassDefFoundError">java.lang.NoClassDefFoundError: java/util/WeakHashMap$HashIterator$HashIteratorShuffler
	at com.puppycrawl.tools.checkstyle.MainTest.testExistingDirectoryWithViolations(MainTest.java:711)
</error>
  </testcase>
  <testcase name="testExistingTargetFile{Capturable, Capturable}" classname="com.puppycrawl.tools.checkstyle.MainTest" time="0.011">
    <error message="java/util/WeakHashMap$HashIterator$HashIteratorShuffler" type="java.lang.NoClassDefFoundError">java.lang.NoClassDefFoundError: java/util/WeakHashMap$HashIterator$HashIteratorShuffler
	at com.puppycrawl.tools.checkstyle.MainTest.testExistingTargetFile(MainTest.java:367)
</error>
  </testcase>
  <testcase name="testGenerateXpathSuppressionOptionCustomTabWidth{Capturable, Capturable}" classname="com.puppycrawl.tools.checkstyle.MainTest" time="0.009">
    <error message="java/util/WeakHashMap$HashIterator$HashIteratorShuffler" type="java.lang.NoClassDefFoundError">java.lang.NoClassDefFoundError: java/util/WeakHashMap$HashIterator$HashIteratorShuffler
	at com.puppycrawl.tools.checkstyle.MainTest.testGenerateXpathSuppressionOptionCustomTabWidth(MainTest.java:1285)
</error>
  </testcase>
  <testcase name="testExcludeDirectoryNotMatch" classname="com.puppycrawl.tools.checkstyle.MainTest" time="0.003"/>
  <testcase name="testExistingTargetFilePlainOutputToFile{Capturable, Capturable}" classname="com.puppycrawl.tools.checkstyle.MainTest" time="0.012">
    <error message="java/util/WeakHashMap$HashIterator$HashIteratorShuffler" type="java.lang.NoClassDefFoundError">java.lang.NoClassDefFoundError: java/util/WeakHashMap$HashIterator$HashIteratorShuffler
	at com.puppycrawl.tools.checkstyle.MainTest.testExistingTargetFilePlainOutputToFile(MainTest.java:590)
</error>
  </testcase>
  <testcase name="testPrintXpathTwoResults{Capturable, Capturable}" classname="com.puppycrawl.tools.checkstyle.MainTest" time="0.063"/>
  <testcase name="testExistentTargetFilePlainOutputToNonExistentFile{Capturable, Capturable}" classname="com.puppycrawl.tools.checkstyle.MainTest" time="0.011">
    <error message="java/util/WeakHashMap$HashIterator$HashIteratorShuffler" type="java.lang.NoClassDefFoundError">java.lang.NoClassDefFoundError: java/util/WeakHashMap$HashIterator$HashIteratorShuffler
	at com.puppycrawl.tools.checkstyle.MainTest.testExistentTargetFilePlainOutputToNonExistentFile(MainTest.java:578)
</error>
  </testcase>
  <testcase name="testExistingTargetFileWithViolations{Capturable, Capturable}" classname="com.puppycrawl.tools.checkstyle.MainTest" time="0.013">
    <error message="java/util/WeakHashMap$HashIterator$HashIteratorShuffler" type="java.lang.NoClassDefFoundError">java.lang.NoClassDefFoundError: java/util/WeakHashMap$HashIterator$HashIteratorShuffler
	at com.puppycrawl.tools.checkstyle.MainTest.testExistingTargetFileWithViolations(MainTest.java:445)
</error>
  </testcase>
  <testcase name="testMissingFiles{Capturable, Capturable}" classname="com.puppycrawl.tools.checkstyle.MainTest" time="0.008"/>
  <testcase name="testExcludeRegexpOption{Capturable, Capturable}" classname="com.puppycrawl.tools.checkstyle.MainTest" time="0.009"/>
  <testcase name="testNonExistentOutputFormat{Capturable, Capturable}" classname="com.puppycrawl.tools.checkstyle.MainTest" time="0.008"/>
  <testcase name="testPrintTreeOption{Capturable, Capturable}" classname="com.puppycrawl.tools.checkstyle.MainTest" time="0.008"/>
  <testcase name="testUsageHelpPrint{Capturable, Capturable}" classname="com.puppycrawl.tools.checkstyle.MainTest" time="0.036"/>
  <testcase name="testXmlOutputFormatCreateListener" classname="com.puppycrawl.tools.checkstyle.MainTest" time="0.003"/>
  <testcase name="testNonExistentClass{Capturable}" classname="com.puppycrawl.tools.checkstyle.MainTest" time="0.012">
    <error message="java/util/WeakHashMap$HashIterator$HashIteratorShuffler" type="java.lang.NoClassDefFoundError">java.lang.NoClassDefFoundError: java/util/WeakHashMap$HashIterator$HashIteratorShuffler
	at com.puppycrawl.tools.checkstyle.MainTest.invokeMain(MainTest.java:1532)
	at com.puppycrawl.tools.checkstyle.MainTest.lambda$testNonExistentClass$7(MainTest.java:356)
	at com.puppycrawl.tools.checkstyle.MainTest.testNonExistentClass(MainTest.java:355)
</error>
  </testcase>
  <testcase name="testGenerateXpathSuppressionOptionCustomOutput{Capturable}" classname="com.puppycrawl.tools.checkstyle.MainTest" time="0.01">
    <error message="java/util/WeakHashMap$HashIterator$HashIteratorShuffler" type="java.lang.NoClassDefFoundError">java.lang.NoClassDefFoundError: java/util/WeakHashMap$HashIterator$HashIteratorShuffler
	at com.puppycrawl.tools.checkstyle.MainTest.testGenerateXpathSuppressionOptionCustomOutput(MainTest.java:1243)
</error>
  </testcase>
  <testcase name="testGetOutputStreamOptionsMethod" classname="com.puppycrawl.tools.checkstyle.MainTest" time="0.003"/>
  <testcase name="testNoProblemOnExecuteIgnoredModuleWithBadPropertyValue{Capturable}" classname="com.puppycrawl.tools.checkstyle.MainTest" time="0.016">
    <error message="java/util/WeakHashMap$HashIterator$HashIteratorShuffler" type="java.lang.NoClassDefFoundError">java.lang.NoClassDefFoundError: java/util/WeakHashMap$HashIterator$HashIteratorShuffler
	at com.puppycrawl.tools.checkstyle.MainTest.testNoProblemOnExecuteIgnoredModuleWithBadPropertyValue(MainTest.java:1490)
</error>
  </testcase>
  <testcase name="testLoadPropertiesIoException" classname="com.puppycrawl.tools.checkstyle.MainTest" time="0.004"/>
  <testcase name="testPrintSuppressionAndTabWidthOption{Capturable, Capturable}" classname="com.puppycrawl.tools.checkstyle.MainTest" time="0.009"/>
  <testcase name="testExistingIncorrectChildrenInConfigFile2{Capturable}" classname="com.puppycrawl.tools.checkstyle.MainTest" time="0.012">
    <error message="java/util/WeakHashMap$HashIterator$HashIteratorShuffler" type="java.lang.NoClassDefFoundError">java.lang.NoClassDefFoundError: java/util/WeakHashMap$HashIterator$HashIteratorShuffler
	at com.puppycrawl.tools.checkstyle.MainTest.invokeMain(MainTest.java:1532)
	at com.puppycrawl.tools.checkstyle.MainTest.lambda$testExistingIncorrectChildrenInConfigFile2$14(MainTest.java:654)
	at com.puppycrawl.tools.checkstyle.MainTest.testExistingIncorrectChildrenInConfigFile2(MainTest.java:653)
</error>
  </testcase>
  <testcase name="testPrintXpathNodeParentNull{Capturable, Capturable}" classname="com.puppycrawl.tools.checkstyle.MainTest" time="0.011"/>
  <testcase name="testGenerateXpathSuppressionOptionEmptyConfig{Capturable, Capturable}" classname="com.puppycrawl.tools.checkstyle.MainTest" time="0.013"/>
  <testcase name="testExistingTargetFileWithOneError{Capturable, Capturable}" classname="com.puppycrawl.tools.checkstyle.MainTest" time="0.014">
    <error message="java/util/WeakHashMap$HashIterator$HashIteratorShuffler" type="java.lang.NoClassDefFoundError">java.lang.NoClassDefFoundError: java/util/WeakHashMap$HashIterator$HashIteratorShuffler
	at com.puppycrawl.tools.checkstyle.MainTest.invokeMain(MainTest.java:1532)
	at com.puppycrawl.tools.checkstyle.MainTest.lambda$testExistingTargetFileWithOneError$9(MainTest.java:532)
	at com.puppycrawl.tools.checkstyle.MainTest.testExistingTargetFileWithOneError(MainTest.java:531)
</error>
  </testcase>
  <testcase name="testCustomSimpleRootModule{Capturable}" classname="com.puppycrawl.tools.checkstyle.MainTest" time="0.544"/>
  <testcase name="testExistingTargetFilePlainOutput{Capturable, Capturable}" classname="com.puppycrawl.tools.checkstyle.MainTest" time="0.013">
    <error message="java/util/WeakHashMap$HashIterator$HashIteratorShuffler" type="java.lang.NoClassDefFoundError">java.lang.NoClassDefFoundError: java/util/WeakHashMap$HashIterator$HashIteratorShuffler
	at com.puppycrawl.tools.checkstyle.MainTest.testExistingTargetFilePlainOutput(MainTest.java:435)
</error>
  </testcase>
  <testcase name="testVersionPrint{Capturable, Capturable}" classname="com.puppycrawl.tools.checkstyle.MainTest" time="0.006"/>
  <testcase name="testOutputFormatToStringLowercase" classname="com.puppycrawl.tools.checkstyle.MainTest" time="0.003"/>
  <testcase name="testExistingTargetFileWithError{Capturable, Capturable}" classname="com.puppycrawl.tools.checkstyle.MainTest" time="0.014">
    <error message="java/util/WeakHashMap$HashIterator$HashIteratorShuffler" type="java.lang.NoClassDefFoundError">java.lang.NoClassDefFoundError: java/util/WeakHashMap$HashIterator$HashIteratorShuffler
	at com.puppycrawl.tools.checkstyle.MainTest.invokeMain(MainTest.java:1532)
	at com.puppycrawl.tools.checkstyle.MainTest.lambda$testExistingTargetFileWithError$8(MainTest.java:494)
	at com.puppycrawl.tools.checkstyle.MainTest.testExistingTargetFileWithError(MainTest.java:493)
</error>
  </testcase>
  <testcase name="testWrongArgumentMissingFiles{Capturable, Capturable}" classname="com.puppycrawl.tools.checkstyle.MainTest" time="0.008"/>
  <testcase name="testGenerateXpathSuppressionOptionOne{Capturable, Capturable}" classname="com.puppycrawl.tools.checkstyle.MainTest" time="0.026">
    <error message="java/util/WeakHashMap$HashIterator$HashIteratorShuffler" type="java.lang.NoClassDefFoundError">java.lang.NoClassDefFoundError: java/util/WeakHashMap$HashIterator$HashIteratorShuffler
	at com.puppycrawl.tools.checkstyle.MainTest.testGenerateXpathSuppressionOptionOne(MainTest.java:1172)
</error>
  </testcase>
  <testcase name="testGenerateXpathSuppressionOptionTwo{Capturable, Capturable}" classname="com.puppycrawl.tools.checkstyle.MainTest" time="0.012">
    <error message="java/util/WeakHashMap$HashIterator$HashIteratorShuffler" type="java.lang.NoClassDefFoundError">java.lang.NoClassDefFoundError: java/util/WeakHashMap$HashIterator$HashIteratorShuffler
	at com.puppycrawl.tools.checkstyle.MainTest.testGenerateXpathSuppressionOptionTwo(MainTest.java:1207)
</error>
  </testcase>
  <testcase name="testPrintSuppressionConflictingOptionsTvsC{Capturable, Capturable}" classname="com.puppycrawl.tools.checkstyle.MainTest" time="0.01"/>
  <testcase name="testPrintSuppressionConflictingOptionsTvsF{Capturable, Capturable}" classname="com.puppycrawl.tools.checkstyle.MainTest" time="0.009"/>
  <testcase name="testPrintSuppressionConflictingOptionsTvsO{Capturable, Capturable}" classname="com.puppycrawl.tools.checkstyle.MainTest" time="0.008"/>
  <testcase name="testPrintSuppressionConflictingOptionsTvsP{Capturable, Capturable}" classname="com.puppycrawl.tools.checkstyle.MainTest" time="0.008"/>
  <testcase name="testPrintFullTreeOption{Capturable, Capturable}" classname="com.puppycrawl.tools.checkstyle.MainTest" time="0.009"/>
  <testcase name="testExistingTargetFilePlainOutputProperties{Capturable, Capturable}" classname="com.puppycrawl.tools.checkstyle.MainTest" time="0.013">
    <error message="java/util/WeakHashMap$HashIterator$HashIteratorShuffler" type="java.lang.NoClassDefFoundError">java.lang.NoClassDefFoundError: java/util/WeakHashMap$HashIterator$HashIteratorShuffler
	at com.puppycrawl.tools.checkstyle.MainTest.testExistingTargetFilePlainOutputProperties(MainTest.java:608)
</error>
  </testcase>
  <testcase name="testViolationsByGoogleAndXpathSuppressions{Capturable, Capturable}" classname="com.puppycrawl.tools.checkstyle.MainTest" time="0.018">
    <error message="java/util/WeakHashMap$HashIterator$HashIteratorShuffler" type="java.lang.NoClassDefFoundError">java.lang.NoClassDefFoundError: java/util/WeakHashMap$HashIterator$HashIteratorShuffler
	at com.puppycrawl.tools.checkstyle.MainTest.testViolationsByGoogleAndXpathSuppressions(MainTest.java:473)
</error>
  </testcase>
  <testcase name="testCreateNonExistentOutputFile" classname="com.puppycrawl.tools.checkstyle.MainTest" time="0.012">
    <error message="java/util/WeakHashMap$HashIterator$HashIteratorShuffler" type="java.lang.NoClassDefFoundError">java.lang.NoClassDefFoundError: java/util/WeakHashMap$HashIterator$HashIteratorShuffler
	at com.puppycrawl.tools.checkstyle.MainTest.testCreateNonExistentOutputFile(MainTest.java:600)
</error>
  </testcase>
  <testcase name="testExistingTargetFileButWithoutReadAccess{Capturable, Capturable}" classname="com.puppycrawl.tools.checkstyle.MainTest" time="0.008"/>
  <testcase name="testPrintSuppressionOption{Capturable, Capturable}" classname="com.puppycrawl.tools.checkstyle.MainTest" time="0.01"/>
  <testcase name="testFileReferenceDuringException{Capturable}" classname="com.puppycrawl.tools.checkstyle.MainTest" time="0.012">
    <error message="java/util/WeakHashMap$HashIterator$HashIteratorShuffler" type="java.lang.NoClassDefFoundError">java.lang.NoClassDefFoundError: java/util/WeakHashMap$HashIterator$HashIteratorShuffler
	at com.puppycrawl.tools.checkstyle.MainTest.invokeMain(MainTest.java:1532)
	at com.puppycrawl.tools.checkstyle.MainTest.lambda$testFileReferenceDuringException$15(MainTest.java:799)
	at com.puppycrawl.tools.checkstyle.MainTest.testFileReferenceDuringException(MainTest.java:798)
</error>
  </testcase>
  <testcase name="testExistingTargetFileWithOneErrorAgainstSunCheck{Capturable, Capturable}" classname="com.puppycrawl.tools.checkstyle.MainTest" time="0.016">
    <error message="java/util/WeakHashMap$HashIterator$HashIteratorShuffler" type="java.lang.NoClassDefFoundError">java.lang.NoClassDefFoundError: java/util/WeakHashMap$HashIterator$HashIteratorShuffler
	at com.puppycrawl.tools.checkstyle.MainTest.invokeMain(MainTest.java:1532)
	at com.puppycrawl.tools.checkstyle.MainTest.lambda$testExistingTargetFileWithOneErrorAgainstSunCheck$10(MainTest.java:557)
	at com.puppycrawl.tools.checkstyle.MainTest.testExistingTargetFileWithOneErrorAgainstSunCheck(MainTest.java:556)
</error>
  </testcase>
  <testcase name="testNoConfigSpecified{Capturable, Capturable}" classname="com.puppycrawl.tools.checkstyle.MainTest" time="0.01"/>
  <testcase name="testPrintXpathFullOption{Capturable, Capturable}" classname="com.puppycrawl.tools.checkstyle.MainTest" time="0.013"/>
  <testcase name="testPrintSuppressionOnMoreThanOneFile{Capturable, Capturable}" classname="com.puppycrawl.tools.checkstyle.MainTest" time="0.012"/>
  <testcase name="testPrintTreeOnMoreThanOneFile{Capturable, Capturable}" classname="com.puppycrawl.tools.checkstyle.MainTest" time="0.009"/>
  <testcase name="testPrintTreeJavadocOption{Capturable, Capturable}" classname="com.puppycrawl.tools.checkstyle.MainTest" time="0.041"/>
  <testcase name="testViolationsByGoogleAndSuppressions{Capturable, Capturable}" classname="com.puppycrawl.tools.checkstyle.MainTest" time="0.023">
    <error message="java/util/WeakHashMap$HashIterator$HashIteratorShuffler" type="java.lang.NoClassDefFoundError">java.lang.NoClassDefFoundError: java/util/WeakHashMap$HashIterator$HashIteratorShuffler
	at com.puppycrawl.tools.checkstyle.MainTest.testViolationsByGoogleAndSuppressions(MainTest.java:484)
</error>
  </testcase>
  <testcase name="testCustomRootModule{Capturable, Capturable}" classname="com.puppycrawl.tools.checkstyle.MainTest" time="0.011"/>
  <testcase name="testPrintXpathOption{Capturable, Capturable}" classname="com.puppycrawl.tools.checkstyle.MainTest" time="0.009"/>
  <testcase name="testConflictingOptionsTvsC{Capturable, Capturable}" classname="com.puppycrawl.tools.checkstyle.MainTest" time="0.007"/>
  <testcase name="testConflictingOptionsTvsF{Capturable, Capturable}" classname="com.puppycrawl.tools.checkstyle.MainTest" time="0.007"/>
  <testcase name="testConflictingOptionsTvsO{Capturable, Capturable}" classname="com.puppycrawl.tools.checkstyle.MainTest" time="0.007"/>
  <testcase name="testConflictingOptionsTvsP{Capturable, Capturable}" classname="com.puppycrawl.tools.checkstyle.MainTest" time="0.006"/>
  <testcase name="testConflictingOptionsTvsS{Capturable, Capturable}" classname="com.puppycrawl.tools.checkstyle.MainTest" time="0.006"/>
  <testcase name="testDebugOption{Capturable}" classname="com.puppycrawl.tools.checkstyle.MainTest" time="0.044">
    <error message="java/util/WeakHashMap$HashIterator$HashIteratorShuffler" type="java.lang.NoClassDefFoundError">java.lang.NoClassDefFoundError: java/util/WeakHashMap$HashIterator$HashIteratorShuffler
	at com.puppycrawl.tools.checkstyle.MainTest.testDebugOption(MainTest.java:1359)
</error>
  </testcase>
  <testcase name="testExistingIncorrectConfigFile{Capturable}" classname="com.puppycrawl.tools.checkstyle.MainTest" time="0.009"/>
  <testcase name="testExceptionOnExecuteIgnoredModuleWithBadPropertyValue{Capturable}" classname="com.puppycrawl.tools.checkstyle.MainTest" time="0.01">
    <error message="java/util/WeakHashMap$HashIterator$HashIteratorShuffler" type="java.lang.NoClassDefFoundError">java.lang.NoClassDefFoundError: java/util/WeakHashMap$HashIterator$HashIteratorShuffler
	at com.puppycrawl.tools.checkstyle.MainTest.invokeMain(MainTest.java:1532)
	at com.puppycrawl.tools.checkstyle.MainTest.lambda$testExceptionOnExecuteIgnoredModuleWithBadPropertyValue$34(MainTest.java:1476)
	at com.puppycrawl.tools.checkstyle.MainTest.testExceptionOnExecuteIgnoredModuleWithBadPropertyValue(MainTest.java:1475)
</error>
  </testcase>
  <testcase name="testListFilesDirectoryWithNull" classname="com.puppycrawl.tools.checkstyle.MainTest" time="0.004"/>
</testsuite>