<?xml version="1.0" encoding="UTF-8"?>
<testsuite xmlns:xsi="http://www.w3.org/2001/XMLSchema-instance" xsi:noNamespaceSchemaLocation="https://maven.apache.org/surefire/maven-surefire-plugin/xsd/surefire-test-report.xsd" name="com.puppycrawl.tools.checkstyle.CheckerTest" time="0.15" tests="46" errors="21" skipped="0" failures="0">
  <properties>
    <property name="awt.toolkit" value="sun.awt.X11.XToolkit"/>
    <property name="java.specification.version" value="1.8"/>
    <property name="nondexStart" value="0"/>
    <property name="file.encoding.pkg" value="sun.io"/>
    <property name="sun.cpu.isalist" value=""/>
    <property name="sun.jnu.encoding" value="UTF-8"/>
    <property name="java.class.path" value="/home/nick/IdeaProjects/checkstyle/target/test-classes:/home/nick/IdeaProjects/checkstyle/target/classes:/home/nick/.m2/repository/com/tngtech/archunit/archunit-junit5/0.14.1/archunit-junit5-0.14.1.jar:/home/nick/.m2/repository/com/tngtech/archunit/archunit-junit5-api/0.14.1/archunit-junit5-api-0.14.1.jar:/home/nick/.m2/repository/com/tngtech/archunit/archunit/0.14.1/archunit-0.14.1.jar:/home/nick/.m2/repository/com/tngtech/archunit/archunit-junit5-engine/0.14.1/archunit-junit5-engine-0.14.1.jar:/home/nick/.m2/repository/com/tngtech/archunit/archunit-junit5-engine-api/0.14.1/archunit-junit5-engine-api-0.14.1.jar:/home/nick/.m2/repository/info/picocli/picocli/4.5.2/picocli-4.5.2.jar:/home/nick/.m2/repository/antlr/antlr/2.7.7/antlr-2.7.7.jar:/home/nick/.m2/repository/org/antlr/antlr4-runtime/4.8-1/antlr4-runtime-4.8-1.jar:/home/nick/.m2/repository/commons-beanutils/commons-beanutils/1.9.4/commons-beanutils-1.9.4.jar:/home/nick/.m2/repository/commons-logging/commons-logging/1.2/commons-logging-1.2.jar:/home/nick/.m2/repository/commons-collections/commons-collections/3.2.2/commons-collections-3.2.2.jar:/home/nick/.m2/repository/com/google/guava/guava/30.0-jre/guava-30.0-jre.jar:/home/nick/.m2/repository/com/google/guava/failureaccess/1.0.1/failureaccess-1.0.1.jar:/home/nick/.m2/repository/com/google/guava/listenablefuture/9999.0-empty-to-avoid-conflict-with-guava/listenablefuture-9999.0-empty-to-avoid-conflict-with-guava.jar:/home/nick/.m2/repository/com/google/code/findbugs/jsr305/3.0.2/jsr305-3.0.2.jar:/home/nick/.m2/repository/org/checkerframework/checker-qual/3.5.0/checker-qual-3.5.0.jar:/home/nick/.m2/repository/com/google/errorprone/error_prone_annotations/2.3.4/error_prone_annotations-2.3.4.jar:/home/nick/.m2/repository/com/google/j2objc/j2objc-annotations/1.3/j2objc-annotations-1.3.jar:/home/nick/.m2/repository/org/apache/ant/ant/1.10.9/ant-1.10.9.jar:/home/nick/.m2/repository/org/apache/ant/ant-launcher/1.10.9/ant-launcher-1.10.9.jar:/usr/lib/jvm/java-8-openjdk/jre/../lib/tools.jar:/home/nick/.m2/repository/org/reflections/reflections/0.9.12/reflections-0.9.12.jar:/home/nick/.m2/repository/org/javassist/javassist/3.26.0-GA/javassist-3.26.0-GA.jar:/home/nick/.m2/repository/org/junit/jupiter/junit-jupiter-api/5.7.0/junit-jupiter-api-5.7.0.jar:/home/nick/.m2/repository/org/apiguardian/apiguardian-api/1.1.0/apiguardian-api-1.1.0.jar:/home/nick/.m2/repository/org/opentest4j/opentest4j/1.2.0/opentest4j-1.2.0.jar:/home/nick/.m2/repository/org/junit/platform/junit-platform-commons/1.7.0/junit-platform-commons-1.7.0.jar:/home/nick/.m2/repository/org/junit/jupiter/junit-jupiter-engine/5.7.0/junit-jupiter-engine-5.7.0.jar:/home/nick/.m2/repository/org/junit/platform/junit-platform-engine/1.7.0/junit-platform-engine-1.7.0.jar:/home/nick/.m2/repository/org/itsallcode/junit5-system-extensions/1.1.0/junit5-system-extensions-1.1.0.jar:/home/nick/.m2/repository/org/junit-pioneer/junit-pioneer/1.1.0/junit-pioneer-1.1.0.jar:/home/nick/.m2/repository/org/junit/jupiter/junit-jupiter-params/5.5.2/junit-jupiter-params-5.5.2.jar:/home/nick/.m2/repository/org/junit/platform/junit-platform-launcher/1.5.2/junit-platform-launcher-1.5.2.jar:/home/nick/.m2/repository/org/junit/vintage/junit-vintage-engine/5.7.0/junit-vintage-engine-5.7.0.jar:/home/nick/.m2/repository/junit/junit/4.13/junit-4.13.jar:/home/nick/.m2/repository/com/google/truth/truth/1.1/truth-1.1.jar:/home/nick/.m2/repository/com/google/auto/value/auto-value-annotations/1.7.4/auto-value-annotations-1.7.4.jar:/home/nick/.m2/repository/org/ow2/asm/asm/9.0/asm-9.0.jar:/home/nick/.m2/repository/com/github/stefanbirkner/system-rules/1.19.0/system-rules-1.19.0.jar:/home/nick/.m2/repository/nl/jqno/equalsverifier/equalsverifier/3.5/equalsverifier-3.5.jar:/home/nick/.m2/repository/org/powermock/powermock-api-mockito2/2.0.9/powermock-api-mockito2-2.0.9.jar:/home/nick/.m2/repository/org/powermock/powermock-api-support/2.0.9/powermock-api-support-2.0.9.jar:/home/nick/.m2/repository/org/powermock/powermock-reflect/2.0.9/powermock-reflect-2.0.9.jar:/home/nick/.m2/repository/net/bytebuddy/byte-buddy/1.10.14/byte-buddy-1.10.14.jar:/home/nick/.m2/repository/net/bytebuddy/byte-buddy-agent/1.10.14/byte-buddy-agent-1.10.14.jar:/home/nick/.m2/repository/org/powermock/powermock-core/2.0.9/powermock-core-2.0.9.jar:/home/nick/.m2/repository/org/mockito/mockito-core/3.3.3/mockito-core-3.3.3.jar:/home/nick/.m2/repository/org/objenesis/objenesis/2.6/objenesis-2.6.jar:/home/nick/.m2/repository/org/powermock/powermock-module-junit4/2.0.9/powermock-module-junit4-2.0.9.jar:/home/nick/.m2/repository/org/powermock/powermock-module-junit4-common/2.0.9/powermock-module-junit4-common-2.0.9.jar:/home/nick/.m2/repository/org/hamcrest/hamcrest-core/1.3/hamcrest-core-1.3.jar:/home/nick/.m2/repository/commons-io/commons-io/2.8.0/commons-io-2.8.0.jar:/home/nick/.m2/repository/org/eclipse/jgit/org.eclipse.jgit/5.9.0.202009080501-r/org.eclipse.jgit-5.9.0.202009080501-r.jar:/home/nick/.m2/repository/com/googlecode/javaewah/JavaEWAH/1.1.7/JavaEWAH-1.1.7.jar:/home/nick/.m2/repository/org/slf4j/slf4j-api/1.7.2/slf4j-api-1.7.2.jar:/home/nick/.m2/repository/org/slf4j/slf4j-simple/1.7.30/slf4j-simple-1.7.30.jar:/home/nick/.m2/repository/org/jacoco/org.jacoco.agent/0.8.6/org.jacoco.agent-0.8.6-runtime.jar:/home/nick/.m2/repository/net/sf/saxon/Saxon-HE/10.3/Saxon-HE-10.3.jar:src/test/resources-noncompilable:"/>
    <property name="java.vm.vendor" value="Oracle Corporation"/>
    <property name="nondexPrintstack" value="false"/>
    <property name="sun.arch.data.model" value="64"/>
    <property name="java.vendor.url" value="http://java.oracle.com/"/>
    <property name="user.timezone" value=""/>
    <property name="os.name" value="Linux"/>
    <property name="java.vm.specification.version" value="1.8"/>
    <property name="sun.java.launcher" value="SUN_STANDARD"/>
    <property name="user.country" value="US"/>
    <property name="sun.boot.library.path" value="/usr/lib/jvm/java-8-openjdk/jre/lib/amd64"/>
    <property name="nondexLogging" value="CONFIG"/>
    <property name="sun.java.command" value="/home/nick/IdeaProjects/checkstyle/target/surefire/surefirebooter1560171087238395147.jar /home/nick/IdeaProjects/checkstyle/target/surefire 2020-12-06T07-37-31_157-jvmRun1 surefire4225990892717741897tmp surefire_18934206220142730645tmp"/>
    <property name="surefire.test.class.path" value="/home/nick/IdeaProjects/checkstyle/target/test-classes:/home/nick/IdeaProjects/checkstyle/target/classes:/home/nick/.m2/repository/com/tngtech/archunit/archunit-junit5/0.14.1/archunit-junit5-0.14.1.jar:/home/nick/.m2/repository/com/tngtech/archunit/archunit-junit5-api/0.14.1/archunit-junit5-api-0.14.1.jar:/home/nick/.m2/repository/com/tngtech/archunit/archunit/0.14.1/archunit-0.14.1.jar:/home/nick/.m2/repository/com/tngtech/archunit/archunit-junit5-engine/0.14.1/archunit-junit5-engine-0.14.1.jar:/home/nick/.m2/repository/com/tngtech/archunit/archunit-junit5-engine-api/0.14.1/archunit-junit5-engine-api-0.14.1.jar:/home/nick/.m2/repository/info/picocli/picocli/4.5.2/picocli-4.5.2.jar:/home/nick/.m2/repository/antlr/antlr/2.7.7/antlr-2.7.7.jar:/home/nick/.m2/repository/org/antlr/antlr4-runtime/4.8-1/antlr4-runtime-4.8-1.jar:/home/nick/.m2/repository/commons-beanutils/commons-beanutils/1.9.4/commons-beanutils-1.9.4.jar:/home/nick/.m2/repository/commons-logging/commons-logging/1.2/commons-logging-1.2.jar:/home/nick/.m2/repository/commons-collections/commons-collections/3.2.2/commons-collections-3.2.2.jar:/home/nick/.m2/repository/com/google/guava/guava/30.0-jre/guava-30.0-jre.jar:/home/nick/.m2/repository/com/google/guava/failureaccess/1.0.1/failureaccess-1.0.1.jar:/home/nick/.m2/repository/com/google/guava/listenablefuture/9999.0-empty-to-avoid-conflict-with-guava/listenablefuture-9999.0-empty-to-avoid-conflict-with-guava.jar:/home/nick/.m2/repository/com/google/code/findbugs/jsr305/3.0.2/jsr305-3.0.2.jar:/home/nick/.m2/repository/org/checkerframework/checker-qual/3.5.0/checker-qual-3.5.0.jar:/home/nick/.m2/repository/com/google/errorprone/error_prone_annotations/2.3.4/error_prone_annotations-2.3.4.jar:/home/nick/.m2/repository/com/google/j2objc/j2objc-annotations/1.3/j2objc-annotations-1.3.jar:/home/nick/.m2/repository/org/apache/ant/ant/1.10.9/ant-1.10.9.jar:/home/nick/.m2/repository/org/apache/ant/ant-launcher/1.10.9/ant-launcher-1.10.9.jar:/usr/lib/jvm/java-8-openjdk/jre/../lib/tools.jar:/home/nick/.m2/repository/org/reflections/reflections/0.9.12/reflections-0.9.12.jar:/home/nick/.m2/repository/org/javassist/javassist/3.26.0-GA/javassist-3.26.0-GA.jar:/home/nick/.m2/repository/org/junit/jupiter/junit-jupiter-api/5.7.0/junit-jupiter-api-5.7.0.jar:/home/nick/.m2/repository/org/apiguardian/apiguardian-api/1.1.0/apiguardian-api-1.1.0.jar:/home/nick/.m2/repository/org/opentest4j/opentest4j/1.2.0/opentest4j-1.2.0.jar:/home/nick/.m2/repository/org/junit/platform/junit-platform-commons/1.7.0/junit-platform-commons-1.7.0.jar:/home/nick/.m2/repository/org/junit/jupiter/junit-jupiter-engine/5.7.0/junit-jupiter-engine-5.7.0.jar:/home/nick/.m2/repository/org/junit/platform/junit-platform-engine/1.7.0/junit-platform-engine-1.7.0.jar:/home/nick/.m2/repository/org/itsallcode/junit5-system-extensions/1.1.0/junit5-system-extensions-1.1.0.jar:/home/nick/.m2/repository/org/junit-pioneer/junit-pioneer/1.1.0/junit-pioneer-1.1.0.jar:/home/nick/.m2/repository/org/junit/jupiter/junit-jupiter-params/5.5.2/junit-jupiter-params-5.5.2.jar:/home/nick/.m2/repository/org/junit/platform/junit-platform-launcher/1.5.2/junit-platform-launcher-1.5.2.jar:/home/nick/.m2/repository/org/junit/vintage/junit-vintage-engine/5.7.0/junit-vintage-engine-5.7.0.jar:/home/nick/.m2/repository/junit/junit/4.13/junit-4.13.jar:/home/nick/.m2/repository/com/google/truth/truth/1.1/truth-1.1.jar:/home/nick/.m2/repository/com/google/auto/value/auto-value-annotations/1.7.4/auto-value-annotations-1.7.4.jar:/home/nick/.m2/repository/org/ow2/asm/asm/9.0/asm-9.0.jar:/home/nick/.m2/repository/com/github/stefanbirkner/system-rules/1.19.0/system-rules-1.19.0.jar:/home/nick/.m2/repository/nl/jqno/equalsverifier/equalsverifier/3.5/equalsverifier-3.5.jar:/home/nick/.m2/repository/org/powermock/powermock-api-mockito2/2.0.9/powermock-api-mockito2-2.0.9.jar:/home/nick/.m2/repository/org/powermock/powermock-api-support/2.0.9/powermock-api-support-2.0.9.jar:/home/nick/.m2/repository/org/powermock/powermock-reflect/2.0.9/powermock-reflect-2.0.9.jar:/home/nick/.m2/repository/net/bytebuddy/byte-buddy/1.10.14/byte-buddy-1.10.14.jar:/home/nick/.m2/repository/net/bytebuddy/byte-buddy-agent/1.10.14/byte-buddy-agent-1.10.14.jar:/home/nick/.m2/repository/org/powermock/powermock-core/2.0.9/powermock-core-2.0.9.jar:/home/nick/.m2/repository/org/mockito/mockito-core/3.3.3/mockito-core-3.3.3.jar:/home/nick/.m2/repository/org/objenesis/objenesis/2.6/objenesis-2.6.jar:/home/nick/.m2/repository/org/powermock/powermock-module-junit4/2.0.9/powermock-module-junit4-2.0.9.jar:/home/nick/.m2/repository/org/powermock/powermock-module-junit4-common/2.0.9/powermock-module-junit4-common-2.0.9.jar:/home/nick/.m2/repository/org/hamcrest/hamcrest-core/1.3/hamcrest-core-1.3.jar:/home/nick/.m2/repository/commons-io/commons-io/2.8.0/commons-io-2.8.0.jar:/home/nick/.m2/repository/org/eclipse/jgit/org.eclipse.jgit/5.9.0.202009080501-r/org.eclipse.jgit-5.9.0.202009080501-r.jar:/home/nick/.m2/repository/com/googlecode/javaewah/JavaEWAH/1.1.7/JavaEWAH-1.1.7.jar:/home/nick/.m2/repository/org/slf4j/slf4j-api/1.7.2/slf4j-api-1.7.2.jar:/home/nick/.m2/repository/org/slf4j/slf4j-simple/1.7.30/slf4j-simple-1.7.30.jar:/home/nick/.m2/repository/org/jacoco/org.jacoco.agent/0.8.6/org.jacoco.agent-0.8.6-runtime.jar:/home/nick/.m2/repository/net/sf/saxon/Saxon-HE/10.3/Saxon-HE-10.3.jar:src/test/resources-noncompilable:"/>
    <property name="nondexExecid" value="DHYOT7wzFcv1D5HlkdDcLF8e9PRvUQdmKaDrsD5Kw="/>
    <property name="sun.cpu.endian" value="little"/>
    <property name="user.home" value="/home/nick"/>
    <property name="user.language" value="en"/>
    <property name="java.specification.vendor" value="Oracle Corporation"/>
    <property name="java.home" value="/usr/lib/jvm/java-8-openjdk/jre"/>
    <property name="file.separator" value="/"/>
    <property name="basedir" value="/home/nick/IdeaProjects/checkstyle"/>
    <property name="line.separator" value="&#10;"/>
    <property name="nondexEnd" value="9223372036854775807"/>
    <property name="java.vm.specification.vendor" value="Oracle Corporation"/>
    <property name="java.specification.name" value="Java Platform API Specification"/>
    <property name="java.awt.graphicsenv" value="sun.awt.X11GraphicsEnvironment"/>
    <property name="nondexFilter" value=".*"/>
    <property name="nondexSeed" value="933178"/>
    <property name="surefire.real.class.path" value="/home/nick/IdeaProjects/checkstyle/target/surefire/surefirebooter1560171087238395147.jar"/>
    <property name="sun.boot.class.path" value="/home/nick/IdeaProjects/checkstyle/.nondex/nondex-instr.jar:/home/nick/.m2/repository/edu/illinois/nondex-common/1.1.2/nondex-common-1.1.2.jar:/home/nick/.m2/repository/edu/illinois/nondex-annotations/1.1.2/nondex-annotations-1.1.2.jar:/usr/lib/jvm/java-8-openjdk/jre/lib/resources.jar:/usr/lib/jvm/java-8-openjdk/jre/lib/rt.jar:/usr/lib/jvm/java-8-openjdk/jre/lib/sunrsasign.jar:/usr/lib/jvm/java-8-openjdk/jre/lib/jsse.jar:/usr/lib/jvm/java-8-openjdk/jre/lib/jce.jar:/usr/lib/jvm/java-8-openjdk/jre/lib/charsets.jar:/usr/lib/jvm/java-8-openjdk/jre/lib/jfr.jar:/usr/lib/jvm/java-8-openjdk/jre/classes"/>
    <property name="sun.management.compiler" value="HotSpot 64-Bit Tiered Compilers"/>
    <property name="java.runtime.version" value="1.8.0_265-b01"/>
    <property name="user.name" value="nick"/>
    <property name="path.separator" value=":"/>
    <property name="os.version" value="5.4.74-1-MANJARO"/>
    <property name="java.endorsed.dirs" value="/usr/lib/jvm/java-8-openjdk/jre/lib/endorsed"/>
    <property name="java.runtime.name" value="OpenJDK Runtime Environment"/>
    <property name="file.encoding" value="UTF-8"/>
    <property name="java.vm.name" value="OpenJDK 64-Bit Server VM"/>
    <property name="localRepository" value="/home/nick/.m2/repository"/>
    <property name="nondexDir" value="/home/nick/IdeaProjects/checkstyle/.nondex"/>
    <property name="java.vendor.url.bug" value="http://bugreport.sun.com/bugreport/"/>
    <property name="nondexJarDir" value="/home/nick/IdeaProjects/checkstyle/.nondex"/>
    <property name="java.io.tmpdir" value="/tmp"/>
    <property name="java.version" value="1.8.0_265"/>
    <property name="user.dir" value="/home/nick/IdeaProjects/checkstyle"/>
    <property name="os.arch" value="amd64"/>
    <property name="nondexMode" value="FULL"/>
    <property name="java.vm.specification.name" value="Java Virtual Machine Specification"/>
    <property name="java.awt.printerjob" value="sun.print.PSPrinterJob"/>
    <property name="sun.os.patch.level" value="unknown"/>
    <property name="java.library.path" value="/usr/java/packages/lib/amd64:/usr/lib64:/lib64:/lib:/usr/lib"/>
    <property name="java.vendor" value="Oracle Corporation"/>
    <property name="java.vm.info" value="mixed mode"/>
    <property name="java.vm.version" value="25.265-b01"/>
    <property name="java.ext.dirs" value="/usr/lib/jvm/java-8-openjdk/jre/lib/ext:/usr/java/packages/lib/ext"/>
    <property name="sun.io.unicode.encoding" value="UnicodeLittle"/>
    <property name="java.class.version" value="52.0"/>
    <property name="jacoco-agent.destfile" value="/home/nick/IdeaProjects/checkstyle/target/jacoco.exec"/>
  </properties>
  <testcase name="testDefaultLoggerClosesItStreams" classname="com.puppycrawl.tools.checkstyle.CheckerTest" time="0.004"/>
  <testcase name="testFileExtensions" classname="com.puppycrawl.tools.checkstyle.CheckerTest" time="0.002">
    <error message="java/util/WeakHashMap$HashIterator$HashIteratorShuffler" type="java.lang.NoClassDefFoundError">java.lang.NoClassDefFoundError: java/util/WeakHashMap$HashIterator$HashIteratorShuffler
	at com.puppycrawl.tools.checkstyle.CheckerTest.testFileExtensions(CheckerTest.java:296)
</error>
  </testcase>
  <testcase name="testTabViolationDefault" classname="com.puppycrawl.tools.checkstyle.CheckerTest" time="0.003">
    <error message="java/util/WeakHashMap$HashIterator$HashIteratorShuffler" type="java.lang.NoClassDefFoundError">java.lang.NoClassDefFoundError: java/util/WeakHashMap$HashIterator$HashIteratorShuffler
	at com.puppycrawl.tools.checkstyle.CheckerTest.testTabViolationDefault(CheckerTest.java:1236)
</error>
  </testcase>
  <testcase name="testAddBeforeExecutionFileFilter" classname="com.puppycrawl.tools.checkstyle.CheckerTest" time="0.002"/>
  <testcase name="testIgnoredFileExtensions" classname="com.puppycrawl.tools.checkstyle.CheckerTest" time="0.002">
    <error message="java/util/WeakHashMap$HashIterator$HashIteratorShuffler" type="java.lang.NoClassDefFoundError">java.lang.NoClassDefFoundError: java/util/WeakHashMap$HashIterator$HashIteratorShuffler
	at com.puppycrawl.tools.checkstyle.CheckerTest.testIgnoredFileExtensions(CheckerTest.java:332)
</error>
  </testcase>
  <testcase name="testRemoveListener" classname="com.puppycrawl.tools.checkstyle.CheckerTest" time="0.003"/>
  <testcase name="testClearCache" classname="com.puppycrawl.tools.checkstyle.CheckerTest" time="0.002">
    <error message="java/util/WeakHashMap$HashIterator$HashIteratorShuffler" type="java.lang.NoClassDefFoundError">java.lang.NoClassDefFoundError: java/util/WeakHashMap$HashIterator$HashIteratorShuffler
	at com.puppycrawl.tools.checkstyle.CheckerTest.testClearCache(CheckerTest.java:633)
</error>
  </testcase>
  <testcase name="testWithCacheWithNoViolation" classname="com.puppycrawl.tools.checkstyle.CheckerTest" time="0.007">
    <error message="java/util/WeakHashMap$HashIterator$HashIteratorShuffler" type="java.lang.NoClassDefFoundError">java.lang.NoClassDefFoundError: java/util/WeakHashMap$HashIterator$HashIteratorShuffler
	at com.puppycrawl.tools.checkstyle.CheckerTest.testWithCacheWithNoViolation(CheckerTest.java:552)
</error>
  </testcase>
  <testcase name="testNoClassLoaderNoModuleFactory" classname="com.puppycrawl.tools.checkstyle.CheckerTest" time="0.001"/>
  <testcase name="testSetupChildListener" classname="com.puppycrawl.tools.checkstyle.CheckerTest" time="0.001"/>
  <testcase name="testClearLazyLoadCacheInDetailAST" classname="com.puppycrawl.tools.checkstyle.CheckerTest" time="0.002">
    <error message="java/util/WeakHashMap$HashIterator$HashIteratorShuffler" type="java.lang.NoClassDefFoundError">java.lang.NoClassDefFoundError: java/util/WeakHashMap$HashIterator$HashIteratorShuffler
	at com.puppycrawl.tools.checkstyle.CheckerTest.testClearLazyLoadCacheInDetailAST(CheckerTest.java:901)
</error>
  </testcase>
  <testcase name="testTabViolation" classname="com.puppycrawl.tools.checkstyle.CheckerTest" time="0.001">
    <error message="java/util/WeakHashMap$HashIterator$HashIteratorShuffler" type="java.lang.NoClassDefFoundError">java.lang.NoClassDefFoundError: java/util/WeakHashMap$HashIterator$HashIteratorShuffler
	at com.puppycrawl.tools.checkstyle.CheckerTest.testTabViolation(CheckerTest.java:1250)
</error>
  </testcase>
  <testcase name="testClearCacheWhenCacheFileIsNotSet" classname="com.puppycrawl.tools.checkstyle.CheckerTest" time="0.001"/>
  <testcase name="testCacheAndCheckWhichDoesNotImplementExternalResourceHolderInterface" classname="com.puppycrawl.tools.checkstyle.CheckerTest" time="0.001">
    <error message="java/util/WeakHashMap$HashIterator$HashIteratorShuffler" type="java.lang.NoClassDefFoundError">java.lang.NoClassDefFoundError: java/util/WeakHashMap$HashIterator$HashIteratorShuffler
	at com.puppycrawl.tools.checkstyle.CheckerTest.testCacheAndCheckWhichDoesNotImplementExternalResourceHolderInterface(CheckerTest.java:524)
</error>
  </testcase>
  <testcase name="testHaltOnException" classname="com.puppycrawl.tools.checkstyle.CheckerTest" time="0.001">
    <error message="java/util/WeakHashMap$HashIterator$HashIteratorShuffler" type="java.lang.NoClassDefFoundError">java.lang.NoClassDefFoundError: java/util/WeakHashMap$HashIterator$HashIteratorShuffler
	at com.puppycrawl.tools.checkstyle.CheckerTest.testHaltOnException(CheckerTest.java:938)
</error>
  </testcase>
  <testcase name="testExceptionWithCache" classname="com.puppycrawl.tools.checkstyle.CheckerTest" time="0.001">
    <error message="java/util/WeakHashMap$HashIterator$HashIteratorShuffler" type="java.lang.NoClassDefFoundError">java.lang.NoClassDefFoundError: java/util/WeakHashMap$HashIterator$HashIteratorShuffler
	at com.puppycrawl.tools.checkstyle.CheckerTest.testExceptionWithCache(CheckerTest.java:963)
</error>
  </testcase>
  <testcase name="testAddListener" classname="com.puppycrawl.tools.checkstyle.CheckerTest" time="0.001"/>
  <testcase name="testRemoveFilter" classname="com.puppycrawl.tools.checkstyle.CheckerTest" time="0.002"/>
  <testcase name="testExceptionWithCacheAndNoFileName" classname="com.puppycrawl.tools.checkstyle.CheckerTest" time="0.001">
    <error message="java/util/WeakHashMap$HashIterator$HashIteratorShuffler" type="java.lang.NoClassDefFoundError">java.lang.NoClassDefFoundError: java/util/WeakHashMap$HashIterator$HashIteratorShuffler
	at com.puppycrawl.tools.checkstyle.CheckerTest.testExceptionWithCacheAndNoFileName(CheckerTest.java:1182)
</error>
  </testcase>
  <testcase name="setFileExtension" classname="com.puppycrawl.tools.checkstyle.CheckerTest" time="0.001"/>
  <testcase name="testDuplicatedModule" classname="com.puppycrawl.tools.checkstyle.CheckerTest" time="0.003">
    <error message="java/util/WeakHashMap$HashIterator$HashIteratorShuffler" type="java.lang.NoClassDefFoundError">java.lang.NoClassDefFoundError: java/util/WeakHashMap$HashIterator$HashIteratorShuffler
	at com.puppycrawl.tools.checkstyle.CheckerTest.testDuplicatedModule(CheckerTest.java:1407)
</error>
  </testcase>
  <testcase name="testNoModuleFactory" classname="com.puppycrawl.tools.checkstyle.CheckerTest" time="0.002"/>
  <testcase name="testHaltOnExceptionOff" classname="com.puppycrawl.tools.checkstyle.CheckerTest" time="0.001">
    <error message="java/util/WeakHashMap$HashIterator$HashIteratorShuffler" type="java.lang.NoClassDefFoundError">java.lang.NoClassDefFoundError: java/util/WeakHashMap$HashIterator$HashIteratorShuffler
	at com.puppycrawl.tools.checkstyle.CheckerTest.testHaltOnExceptionOff(CheckerTest.java:1225)
</error>
  </testcase>
  <testcase name="testAddFilter" classname="com.puppycrawl.tools.checkstyle.CheckerTest" time="0.001"/>
  <testcase name="testSetFileSetCheckSetsMessageDispatcher" classname="com.puppycrawl.tools.checkstyle.CheckerTest" time="0.001"/>
  <testcase name="testAddAuditListenerAsChild" classname="com.puppycrawl.tools.checkstyle.CheckerTest" time="0.003"/>
  <testcase name="testSetupChildExceptions" classname="com.puppycrawl.tools.checkstyle.CheckerTest" time="0.001"/>
  <testcase name="testXmlLoggerClosesItStreams" classname="com.puppycrawl.tools.checkstyle.CheckerTest" time="0.001"/>
  <testcase name="testFinishLocalSetupFullyInitialized" classname="com.puppycrawl.tools.checkstyle.CheckerTest" time="0.002"/>
  <testcase name="testClearExistingCache" classname="com.puppycrawl.tools.checkstyle.CheckerTest" time="0.001">
    <error message="java/util/WeakHashMap$HashIterator$HashIteratorShuffler" type="java.lang.NoClassDefFoundError">java.lang.NoClassDefFoundError: java/util/WeakHashMap$HashIterator$HashIteratorShuffler
	at com.puppycrawl.tools.checkstyle.CheckerTest.testClearExistingCache(CheckerTest.java:586)
</error>
  </testcase>
  <testcase name="testExceptionWithNoFileName" classname="com.puppycrawl.tools.checkstyle.CheckerTest" time="0.003"/>
  <testcase name="testDestroy" classname="com.puppycrawl.tools.checkstyle.CheckerTest" time="0.002"/>
  <testcase name="testCacheOnViolationSuppression" classname="com.puppycrawl.tools.checkstyle.CheckerTest" time="0.001">
    <error message="java/util/WeakHashMap$HashIterator$HashIteratorShuffler" type="java.lang.NoClassDefFoundError">java.lang.NoClassDefFoundError: java/util/WeakHashMap$HashIterator$HashIteratorShuffler
	at com.puppycrawl.tools.checkstyle.CheckerTest.testCacheOnViolationSuppression(CheckerTest.java:921)
</error>
  </testcase>
  <testcase name="testCatchErrorWithNoFileName" classname="com.puppycrawl.tools.checkstyle.CheckerTest" time="0.001"/>
  <testcase name="testDestroyCheckerWithWrongCacheFileNameLength" classname="com.puppycrawl.tools.checkstyle.CheckerTest" time="0.002"/>
  <testcase name="testCheckerProcessCallAllNeededMethodsOfFileSets" classname="com.puppycrawl.tools.checkstyle.CheckerTest" time="0.001"/>
  <testcase name="testCacheAndCheckWhichAddsNewResourceLocationButKeepsSameCheckerInstance" classname="com.puppycrawl.tools.checkstyle.CheckerTest" time="0.001">
    <error message="java/util/WeakHashMap$HashIterator$HashIteratorShuffler" type="java.lang.NoClassDefFoundError">java.lang.NoClassDefFoundError: java/util/WeakHashMap$HashIterator$HashIteratorShuffler
	at com.puppycrawl.tools.checkstyle.CheckerTest.testCacheAndCheckWhichAddsNewResourceLocationButKeepsSameCheckerInstance(CheckerTest.java:833)
</error>
  </testcase>
  <testcase name="testSetters" classname="com.puppycrawl.tools.checkstyle.CheckerTest" time="0.006"/>
  <testcase name="testFileSetCheckInitWhenAddedAsChild" classname="com.puppycrawl.tools.checkstyle.CheckerTest" time="0.002">
    <error message="java/util/WeakHashMap$HashIterator$HashIteratorShuffler" type="java.lang.NoClassDefFoundError">java.lang.NoClassDefFoundError: java/util/WeakHashMap$HashIterator$HashIteratorShuffler
	at com.puppycrawl.tools.checkstyle.CheckerTest.testFileSetCheckInitWhenAddedAsChild(CheckerTest.java:1335)
</error>
  </testcase>
  <testcase name="testAddBeforeExecutionFileFilterAsChild" classname="com.puppycrawl.tools.checkstyle.CheckerTest" time="0.001"/>
  <testcase name="testSetupChildInvalidProperty" classname="com.puppycrawl.tools.checkstyle.CheckerTest" time="0.001">
    <error message="java/util/WeakHashMap$HashIterator$HashIteratorShuffler" type="java.lang.NoClassDefFoundError">java.lang.NoClassDefFoundError: java/util/WeakHashMap$HashIterator$HashIteratorShuffler
	at com.puppycrawl.tools.checkstyle.CheckerTest.testSetupChildInvalidProperty(CheckerTest.java:453)
</error>
  </testcase>
  <testcase name="testCatchErrorWithCacheWithNoFileName" classname="com.puppycrawl.tools.checkstyle.CheckerTest" time="0.001">
    <error message="java/util/WeakHashMap$HashIterator$HashIteratorShuffler" type="java.lang.NoClassDefFoundError">java.lang.NoClassDefFoundError: java/util/WeakHashMap$HashIterator$HashIteratorShuffler
	at com.puppycrawl.tools.checkstyle.CheckerTest.testCatchErrorWithCacheWithNoFileName(CheckerTest.java:1085)
</error>
  </testcase>
  <testcase name="testCatchErrorWithCache" classname="com.puppycrawl.tools.checkstyle.CheckerTest" time="0.001">
    <error message="java/util/WeakHashMap$HashIterator$HashIteratorShuffler" type="java.lang.NoClassDefFoundError">java.lang.NoClassDefFoundError: java/util/WeakHashMap$HashIterator$HashIteratorShuffler
	at com.puppycrawl.tools.checkstyle.CheckerTest.testCatchErrorWithCache(CheckerTest.java:1025)
</error>
  </testcase>
  <testcase name="testRemoveBeforeExecutionFileFilter" classname="com.puppycrawl.tools.checkstyle.CheckerTest" time="0.001"/>
  <testcase name="testCacheAndFilterWhichDoesNotImplementExternalResourceHolderInterface" classname="com.puppycrawl.tools.checkstyle.CheckerTest" time="0.002">
    <error message="java/util/WeakHashMap$HashIterator$HashIteratorShuffler" type="java.lang.NoClassDefFoundError">java.lang.NoClassDefFoundError: java/util/WeakHashMap$HashIterator$HashIteratorShuffler
	at com.puppycrawl.tools.checkstyle.CheckerTest.testCacheAndFilterWhichDoesNotImplementExternalResourceHolderInterface(CheckerTest.java:780)
</error>
  </testcase>
  <testcase name="testCatchErrorInProcessFilesMethod" classname="com.puppycrawl.tools.checkstyle.CheckerTest" time="0.001"/>
</testsuite>