<?xml version="1.0" encoding="UTF-8"?>
<testsuite xmlns:xsi="http://www.w3.org/2001/XMLSchema-instance" xsi:noNamespaceSchemaLocation="https://maven.apache.org/surefire/maven-surefire-plugin/xsd/surefire-test-report.xsd" name="com.puppycrawl.tools.checkstyle.utils.CommonUtilTest" time="0.104" tests="48" errors="0" skipped="0" failures="0">
  <properties>
    <property name="awt.toolkit" value="sun.awt.X11.XToolkit"/>
    <property name="java.specification.version" value="1.8"/>
    <property name="nondexStart" value="0"/>
    <property name="file.encoding.pkg" value="sun.io"/>
    <property name="sun.cpu.isalist" value=""/>
    <property name="sun.jnu.encoding" value="UTF-8"/>
    <property name="java.class.path" value="/home/nick/IdeaProjects/checkstyle/target/test-classes:/home/nick/IdeaProjects/checkstyle/target/classes:/home/nick/.m2/repository/com/tngtech/archunit/archunit-junit5/0.14.1/archunit-junit5-0.14.1.jar:/home/nick/.m2/repository/com/tngtech/archunit/archunit-junit5-api/0.14.1/archunit-junit5-api-0.14.1.jar:/home/nick/.m2/repository/com/tngtech/archunit/archunit/0.14.1/archunit-0.14.1.jar:/home/nick/.m2/repository/com/tngtech/archunit/archunit-junit5-engine/0.14.1/archunit-junit5-engine-0.14.1.jar:/home/nick/.m2/repository/com/tngtech/archunit/archunit-junit5-engine-api/0.14.1/archunit-junit5-engine-api-0.14.1.jar:/home/nick/.m2/repository/info/picocli/picocli/4.5.2/picocli-4.5.2.jar:/home/nick/.m2/repository/antlr/antlr/2.7.7/antlr-2.7.7.jar:/home/nick/.m2/repository/org/antlr/antlr4-runtime/4.8-1/antlr4-runtime-4.8-1.jar:/home/nick/.m2/repository/commons-beanutils/commons-beanutils/1.9.4/commons-beanutils-1.9.4.jar:/home/nick/.m2/repository/commons-logging/commons-logging/1.2/commons-logging-1.2.jar:/home/nick/.m2/repository/commons-collections/commons-collections/3.2.2/commons-collections-3.2.2.jar:/home/nick/.m2/repository/com/google/guava/guava/30.0-jre/guava-30.0-jre.jar:/home/nick/.m2/repository/com/google/guava/failureaccess/1.0.1/failureaccess-1.0.1.jar:/home/nick/.m2/repository/com/google/guava/listenablefuture/9999.0-empty-to-avoid-conflict-with-guava/listenablefuture-9999.0-empty-to-avoid-conflict-with-guava.jar:/home/nick/.m2/repository/com/google/code/findbugs/jsr305/3.0.2/jsr305-3.0.2.jar:/home/nick/.m2/repository/org/checkerframework/checker-qual/3.5.0/checker-qual-3.5.0.jar:/home/nick/.m2/repository/com/google/errorprone/error_prone_annotations/2.3.4/error_prone_annotations-2.3.4.jar:/home/nick/.m2/repository/com/google/j2objc/j2objc-annotations/1.3/j2objc-annotations-1.3.jar:/home/nick/.m2/repository/org/apache/ant/ant/1.10.9/ant-1.10.9.jar:/home/nick/.m2/repository/org/apache/ant/ant-launcher/1.10.9/ant-launcher-1.10.9.jar:/usr/lib/jvm/java-8-openjdk/jre/../lib/tools.jar:/home/nick/.m2/repository/org/reflections/reflections/0.9.12/reflections-0.9.12.jar:/home/nick/.m2/repository/org/javassist/javassist/3.26.0-GA/javassist-3.26.0-GA.jar:/home/nick/.m2/repository/org/junit/jupiter/junit-jupiter-api/5.7.0/junit-jupiter-api-5.7.0.jar:/home/nick/.m2/repository/org/apiguardian/apiguardian-api/1.1.0/apiguardian-api-1.1.0.jar:/home/nick/.m2/repository/org/opentest4j/opentest4j/1.2.0/opentest4j-1.2.0.jar:/home/nick/.m2/repository/org/junit/platform/junit-platform-commons/1.7.0/junit-platform-commons-1.7.0.jar:/home/nick/.m2/repository/org/junit/jupiter/junit-jupiter-engine/5.7.0/junit-jupiter-engine-5.7.0.jar:/home/nick/.m2/repository/org/junit/platform/junit-platform-engine/1.7.0/junit-platform-engine-1.7.0.jar:/home/nick/.m2/repository/org/itsallcode/junit5-system-extensions/1.1.0/junit5-system-extensions-1.1.0.jar:/home/nick/.m2/repository/org/junit-pioneer/junit-pioneer/1.1.0/junit-pioneer-1.1.0.jar:/home/nick/.m2/repository/org/junit/jupiter/junit-jupiter-params/5.5.2/junit-jupiter-params-5.5.2.jar:/home/nick/.m2/repository/org/junit/platform/junit-platform-launcher/1.5.2/junit-platform-launcher-1.5.2.jar:/home/nick/.m2/repository/org/junit/vintage/junit-vintage-engine/5.7.0/junit-vintage-engine-5.7.0.jar:/home/nick/.m2/repository/junit/junit/4.13/junit-4.13.jar:/home/nick/.m2/repository/com/google/truth/truth/1.1/truth-1.1.jar:/home/nick/.m2/repository/com/google/auto/value/auto-value-annotations/1.7.4/auto-value-annotations-1.7.4.jar:/home/nick/.m2/repository/org/ow2/asm/asm/9.0/asm-9.0.jar:/home/nick/.m2/repository/com/github/stefanbirkner/system-rules/1.19.0/system-rules-1.19.0.jar:/home/nick/.m2/repository/nl/jqno/equalsverifier/equalsverifier/3.5/equalsverifier-3.5.jar:/home/nick/.m2/repository/org/powermock/powermock-api-mockito2/2.0.9/powermock-api-mockito2-2.0.9.jar:/home/nick/.m2/repository/org/powermock/powermock-api-support/2.0.9/powermock-api-support-2.0.9.jar:/home/nick/.m2/repository/org/powermock/powermock-reflect/2.0.9/powermock-reflect-2.0.9.jar:/home/nick/.m2/repository/net/bytebuddy/byte-buddy/1.10.14/byte-buddy-1.10.14.jar:/home/nick/.m2/repository/net/bytebuddy/byte-buddy-agent/1.10.14/byte-buddy-agent-1.10.14.jar:/home/nick/.m2/repository/org/powermock/powermock-core/2.0.9/powermock-core-2.0.9.jar:/home/nick/.m2/repository/org/mockito/mockito-core/3.3.3/mockito-core-3.3.3.jar:/home/nick/.m2/repository/org/objenesis/objenesis/2.6/objenesis-2.6.jar:/home/nick/.m2/repository/org/powermock/powermock-module-junit4/2.0.9/powermock-module-junit4-2.0.9.jar:/home/nick/.m2/repository/org/powermock/powermock-module-junit4-common/2.0.9/powermock-module-junit4-common-2.0.9.jar:/home/nick/.m2/repository/org/hamcrest/hamcrest-core/1.3/hamcrest-core-1.3.jar:/home/nick/.m2/repository/commons-io/commons-io/2.8.0/commons-io-2.8.0.jar:/home/nick/.m2/repository/org/eclipse/jgit/org.eclipse.jgit/5.9.0.202009080501-r/org.eclipse.jgit-5.9.0.202009080501-r.jar:/home/nick/.m2/repository/com/googlecode/javaewah/JavaEWAH/1.1.7/JavaEWAH-1.1.7.jar:/home/nick/.m2/repository/org/slf4j/slf4j-api/1.7.2/slf4j-api-1.7.2.jar:/home/nick/.m2/repository/org/slf4j/slf4j-simple/1.7.30/slf4j-simple-1.7.30.jar:/home/nick/.m2/repository/org/jacoco/org.jacoco.agent/0.8.6/org.jacoco.agent-0.8.6-runtime.jar:/home/nick/.m2/repository/net/sf/saxon/Saxon-HE/10.3/Saxon-HE-10.3.jar:src/test/resources-noncompilable:"/>
    <property name="java.vm.vendor" value="Oracle Corporation"/>
    <property name="nondexPrintstack" value="false"/>
    <property name="sun.arch.data.model" value="64"/>
    <property name="java.vendor.url" value="http://java.oracle.com/"/>
    <property name="user.timezone" value=""/>
    <property name="java.vm.specification.version" value="1.8"/>
    <property name="os.name" value="Linux"/>
    <property name="sun.java.launcher" value="SUN_STANDARD"/>
    <property name="user.country" value="US"/>
    <property name="sun.boot.library.path" value="/usr/lib/jvm/java-8-openjdk/jre/lib/amd64"/>
    <property name="nondexLogging" value="CONFIG"/>
    <property name="sun.java.command" value="/home/nick/IdeaProjects/checkstyle/target/surefire/surefirebooter4076672708987679686.jar /home/nick/IdeaProjects/checkstyle/target/surefire 2020-12-12T14-27-32_691-jvmRun1 surefire5285613934590682512tmp surefire_1225519847819758037tmp"/>
    <property name="surefire.test.class.path" value="/home/nick/IdeaProjects/checkstyle/target/test-classes:/home/nick/IdeaProjects/checkstyle/target/classes:/home/nick/.m2/repository/com/tngtech/archunit/archunit-junit5/0.14.1/archunit-junit5-0.14.1.jar:/home/nick/.m2/repository/com/tngtech/archunit/archunit-junit5-api/0.14.1/archunit-junit5-api-0.14.1.jar:/home/nick/.m2/repository/com/tngtech/archunit/archunit/0.14.1/archunit-0.14.1.jar:/home/nick/.m2/repository/com/tngtech/archunit/archunit-junit5-engine/0.14.1/archunit-junit5-engine-0.14.1.jar:/home/nick/.m2/repository/com/tngtech/archunit/archunit-junit5-engine-api/0.14.1/archunit-junit5-engine-api-0.14.1.jar:/home/nick/.m2/repository/info/picocli/picocli/4.5.2/picocli-4.5.2.jar:/home/nick/.m2/repository/antlr/antlr/2.7.7/antlr-2.7.7.jar:/home/nick/.m2/repository/org/antlr/antlr4-runtime/4.8-1/antlr4-runtime-4.8-1.jar:/home/nick/.m2/repository/commons-beanutils/commons-beanutils/1.9.4/commons-beanutils-1.9.4.jar:/home/nick/.m2/repository/commons-logging/commons-logging/1.2/commons-logging-1.2.jar:/home/nick/.m2/repository/commons-collections/commons-collections/3.2.2/commons-collections-3.2.2.jar:/home/nick/.m2/repository/com/google/guava/guava/30.0-jre/guava-30.0-jre.jar:/home/nick/.m2/repository/com/google/guava/failureaccess/1.0.1/failureaccess-1.0.1.jar:/home/nick/.m2/repository/com/google/guava/listenablefuture/9999.0-empty-to-avoid-conflict-with-guava/listenablefuture-9999.0-empty-to-avoid-conflict-with-guava.jar:/home/nick/.m2/repository/com/google/code/findbugs/jsr305/3.0.2/jsr305-3.0.2.jar:/home/nick/.m2/repository/org/checkerframework/checker-qual/3.5.0/checker-qual-3.5.0.jar:/home/nick/.m2/repository/com/google/errorprone/error_prone_annotations/2.3.4/error_prone_annotations-2.3.4.jar:/home/nick/.m2/repository/com/google/j2objc/j2objc-annotations/1.3/j2objc-annotations-1.3.jar:/home/nick/.m2/repository/org/apache/ant/ant/1.10.9/ant-1.10.9.jar:/home/nick/.m2/repository/org/apache/ant/ant-launcher/1.10.9/ant-launcher-1.10.9.jar:/usr/lib/jvm/java-8-openjdk/jre/../lib/tools.jar:/home/nick/.m2/repository/org/reflections/reflections/0.9.12/reflections-0.9.12.jar:/home/nick/.m2/repository/org/javassist/javassist/3.26.0-GA/javassist-3.26.0-GA.jar:/home/nick/.m2/repository/org/junit/jupiter/junit-jupiter-api/5.7.0/junit-jupiter-api-5.7.0.jar:/home/nick/.m2/repository/org/apiguardian/apiguardian-api/1.1.0/apiguardian-api-1.1.0.jar:/home/nick/.m2/repository/org/opentest4j/opentest4j/1.2.0/opentest4j-1.2.0.jar:/home/nick/.m2/repository/org/junit/platform/junit-platform-commons/1.7.0/junit-platform-commons-1.7.0.jar:/home/nick/.m2/repository/org/junit/jupiter/junit-jupiter-engine/5.7.0/junit-jupiter-engine-5.7.0.jar:/home/nick/.m2/repository/org/junit/platform/junit-platform-engine/1.7.0/junit-platform-engine-1.7.0.jar:/home/nick/.m2/repository/org/itsallcode/junit5-system-extensions/1.1.0/junit5-system-extensions-1.1.0.jar:/home/nick/.m2/repository/org/junit-pioneer/junit-pioneer/1.1.0/junit-pioneer-1.1.0.jar:/home/nick/.m2/repository/org/junit/jupiter/junit-jupiter-params/5.5.2/junit-jupiter-params-5.5.2.jar:/home/nick/.m2/repository/org/junit/platform/junit-platform-launcher/1.5.2/junit-platform-launcher-1.5.2.jar:/home/nick/.m2/repository/org/junit/vintage/junit-vintage-engine/5.7.0/junit-vintage-engine-5.7.0.jar:/home/nick/.m2/repository/junit/junit/4.13/junit-4.13.jar:/home/nick/.m2/repository/com/google/truth/truth/1.1/truth-1.1.jar:/home/nick/.m2/repository/com/google/auto/value/auto-value-annotations/1.7.4/auto-value-annotations-1.7.4.jar:/home/nick/.m2/repository/org/ow2/asm/asm/9.0/asm-9.0.jar:/home/nick/.m2/repository/com/github/stefanbirkner/system-rules/1.19.0/system-rules-1.19.0.jar:/home/nick/.m2/repository/nl/jqno/equalsverifier/equalsverifier/3.5/equalsverifier-3.5.jar:/home/nick/.m2/repository/org/powermock/powermock-api-mockito2/2.0.9/powermock-api-mockito2-2.0.9.jar:/home/nick/.m2/repository/org/powermock/powermock-api-support/2.0.9/powermock-api-support-2.0.9.jar:/home/nick/.m2/repository/org/powermock/powermock-reflect/2.0.9/powermock-reflect-2.0.9.jar:/home/nick/.m2/repository/net/bytebuddy/byte-buddy/1.10.14/byte-buddy-1.10.14.jar:/home/nick/.m2/repository/net/bytebuddy/byte-buddy-agent/1.10.14/byte-buddy-agent-1.10.14.jar:/home/nick/.m2/repository/org/powermock/powermock-core/2.0.9/powermock-core-2.0.9.jar:/home/nick/.m2/repository/org/mockito/mockito-core/3.3.3/mockito-core-3.3.3.jar:/home/nick/.m2/repository/org/objenesis/objenesis/2.6/objenesis-2.6.jar:/home/nick/.m2/repository/org/powermock/powermock-module-junit4/2.0.9/powermock-module-junit4-2.0.9.jar:/home/nick/.m2/repository/org/powermock/powermock-module-junit4-common/2.0.9/powermock-module-junit4-common-2.0.9.jar:/home/nick/.m2/repository/org/hamcrest/hamcrest-core/1.3/hamcrest-core-1.3.jar:/home/nick/.m2/repository/commons-io/commons-io/2.8.0/commons-io-2.8.0.jar:/home/nick/.m2/repository/org/eclipse/jgit/org.eclipse.jgit/5.9.0.202009080501-r/org.eclipse.jgit-5.9.0.202009080501-r.jar:/home/nick/.m2/repository/com/googlecode/javaewah/JavaEWAH/1.1.7/JavaEWAH-1.1.7.jar:/home/nick/.m2/repository/org/slf4j/slf4j-api/1.7.2/slf4j-api-1.7.2.jar:/home/nick/.m2/repository/org/slf4j/slf4j-simple/1.7.30/slf4j-simple-1.7.30.jar:/home/nick/.m2/repository/org/jacoco/org.jacoco.agent/0.8.6/org.jacoco.agent-0.8.6-runtime.jar:/home/nick/.m2/repository/net/sf/saxon/Saxon-HE/10.3/Saxon-HE-10.3.jar:src/test/resources-noncompilable:"/>
    <property name="nondexExecid" value="vpReDWNYB3H5QQfeBtpfqExIwgQN5zjKJZrFtBUEo="/>
    <property name="sun.cpu.endian" value="little"/>
    <property name="user.home" value="/home/nick"/>
    <property name="user.language" value="en"/>
    <property name="java.specification.vendor" value="Oracle Corporation"/>
    <property name="java.home" value="/usr/lib/jvm/java-8-openjdk/jre"/>
    <property name="basedir" value="/home/nick/IdeaProjects/checkstyle"/>
    <property name="file.separator" value="/"/>
    <property name="line.separator" value="&#10;"/>
    <property name="nondexEnd" value="9223372036854775807"/>
    <property name="java.specification.name" value="Java Platform API Specification"/>
    <property name="java.vm.specification.vendor" value="Oracle Corporation"/>
    <property name="java.awt.graphicsenv" value="sun.awt.X11GraphicsEnvironment"/>
    <property name="nondexFilter" value=".*"/>
    <property name="nondexSeed" value="933178"/>
    <property name="surefire.real.class.path" value="/home/nick/IdeaProjects/checkstyle/target/surefire/surefirebooter4076672708987679686.jar"/>
    <property name="sun.boot.class.path" value="/home/nick/IdeaProjects/checkstyle/.nondex/nondex-instr.jar:/home/nick/.m2/repository/edu/illinois/nondex-common/1.1.2/nondex-common-1.1.2.jar:/home/nick/.m2/repository/edu/illinois/nondex-annotations/1.1.2/nondex-annotations-1.1.2.jar:/usr/lib/jvm/java-8-openjdk/jre/lib/resources.jar:/usr/lib/jvm/java-8-openjdk/jre/lib/rt.jar:/usr/lib/jvm/java-8-openjdk/jre/lib/sunrsasign.jar:/usr/lib/jvm/java-8-openjdk/jre/lib/jsse.jar:/usr/lib/jvm/java-8-openjdk/jre/lib/jce.jar:/usr/lib/jvm/java-8-openjdk/jre/lib/charsets.jar:/usr/lib/jvm/java-8-openjdk/jre/lib/jfr.jar:/usr/lib/jvm/java-8-openjdk/jre/classes"/>
    <property name="sun.management.compiler" value="HotSpot 64-Bit Tiered Compilers"/>
    <property name="java.runtime.version" value="1.8.0_265-b01"/>
    <property name="user.name" value="nick"/>
    <property name="path.separator" value=":"/>
    <property name="os.version" value="5.4.74-1-MANJARO"/>
    <property name="java.endorsed.dirs" value="/usr/lib/jvm/java-8-openjdk/jre/lib/endorsed"/>
    <property name="java.runtime.name" value="OpenJDK Runtime Environment"/>
    <property name="file.encoding" value="UTF-8"/>
    <property name="java.vm.name" value="OpenJDK 64-Bit Server VM"/>
    <property name="localRepository" value="/home/nick/.m2/repository"/>
    <property name="nondexDir" value="/home/nick/IdeaProjects/checkstyle/.nondex"/>
    <property name="nondexJarDir" value="/home/nick/IdeaProjects/checkstyle/.nondex"/>
    <property name="java.vendor.url.bug" value="http://bugreport.sun.com/bugreport/"/>
    <property name="java.io.tmpdir" value="/tmp"/>
    <property name="java.version" value="1.8.0_265"/>
    <property name="user.dir" value="/home/nick/IdeaProjects/checkstyle"/>
    <property name="os.arch" value="amd64"/>
    <property name="nondexMode" value="FULL"/>
    <property name="java.vm.specification.name" value="Java Virtual Machine Specification"/>
    <property name="java.awt.printerjob" value="sun.print.PSPrinterJob"/>
    <property name="sun.os.patch.level" value="unknown"/>
    <property name="java.library.path" value="/usr/java/packages/lib/amd64:/usr/lib64:/lib64:/lib:/usr/lib"/>
    <property name="java.vm.info" value="mixed mode"/>
    <property name="java.vendor" value="Oracle Corporation"/>
    <property name="java.vm.version" value="25.265-b01"/>
    <property name="sun.io.unicode.encoding" value="UnicodeLittle"/>
    <property name="java.ext.dirs" value="/usr/lib/jvm/java-8-openjdk/jre/lib/ext:/usr/java/packages/lib/ext"/>
    <property name="java.class.version" value="52.0"/>
    <property name="jacoco-agent.destfile" value="/home/nick/IdeaProjects/checkstyle/target/jacoco.exec"/>
    <property name="argLine" value="-Xms1024m -Xmx2048m"/>
  </properties>
  <testcase name="testBadRegex2" classname="com.puppycrawl.tools.checkstyle.utils.CommonUtilTest" time="0.001"/>
  <testcase name="testRelativeNormalizedPathWithDenormalizedBaseDirectory" classname="com.puppycrawl.tools.checkstyle.utils.CommonUtilTest" time="0.001"/>
  <testcase name="testFileExtensions" classname="com.puppycrawl.tools.checkstyle.utils.CommonUtilTest" time="0.001"/>
  <testcase name="testInvokeConstructor" classname="com.puppycrawl.tools.checkstyle.utils.CommonUtilTest" time="0.001"/>
  <testcase name="testIsProperUtilsClass" classname="com.puppycrawl.tools.checkstyle.utils.CommonUtilTest" time="0.001"/>
  <testcase name="testLengthExpandedTabs" classname="com.puppycrawl.tools.checkstyle.utils.CommonUtilTest" time="0.001"/>
  <testcase name="testIsNameInvalidSymbol" classname="com.puppycrawl.tools.checkstyle.utils.CommonUtilTest" time="0.001"/>
  <testcase name="testIsBlankWithWhitespacesAround" classname="com.puppycrawl.tools.checkstyle.utils.CommonUtilTest" time="0.001"/>
  <testcase name="testIsIntInvalidString" classname="com.puppycrawl.tools.checkstyle.utils.CommonUtilTest" time="0.001"/>
  <testcase name="testBadRegex" classname="com.puppycrawl.tools.checkstyle.utils.CommonUtilTest" time="0.001"/>
  <testcase name="testCloseWithException" classname="com.puppycrawl.tools.checkstyle.utils.CommonUtilTest" time="0.001"/>
  <testcase name="testGetUriByFilenameFindsResourceRelativeToRootClasspath" classname="com.puppycrawl.tools.checkstyle.utils.CommonUtilTest" time="0.006"/>
  <testcase name="testIsIdentifierInvalidFirstSymbol" classname="com.puppycrawl.tools.checkstyle.utils.CommonUtilTest" time="0.001"/>
  <testcase name="testClose" classname="com.puppycrawl.tools.checkstyle.utils.CommonUtilTest" time="0.001"/>
  <testcase name="testPattern" classname="com.puppycrawl.tools.checkstyle.utils.CommonUtilTest" time="0.001"/>
  <testcase name="testIsNameEmptyPart" classname="com.puppycrawl.tools.checkstyle.utils.CommonUtilTest" time="0.001"/>
  <testcase name="testCreatePattern" classname="com.puppycrawl.tools.checkstyle.utils.CommonUtilTest" time="0"/>
  <testcase name="testIsBlankWithEmptyString" classname="com.puppycrawl.tools.checkstyle.utils.CommonUtilTest" time="0"/>
  <testcase name="testRelativeNormalizedPath" classname="com.puppycrawl.tools.checkstyle.utils.CommonUtilTest" time="0.001"/>
  <testcase name="testGetNonExistentConstructor" classname="com.puppycrawl.tools.checkstyle.utils.CommonUtilTest" time="0.001"/>
  <testcase name="testCreationOfFakeCommentBlock" classname="com.puppycrawl.tools.checkstyle.utils.CommonUtilTest" time="0.001"/>
  <testcase name="testIsNameEmptyLastPart" classname="com.puppycrawl.tools.checkstyle.utils.CommonUtilTest" time="0.001"/>
  <testcase name="testBaseClassNameForCanonicalName" classname="com.puppycrawl.tools.checkstyle.utils.CommonUtilTest" time="0"/>
  <testcase name="testGetUriByFilenameFindsRelativeResourceOnClasspath" classname="com.puppycrawl.tools.checkstyle.utils.CommonUtilTest" time="0.002"/>
  <testcase name="testGetExistingConstructor" classname="com.puppycrawl.tools.checkstyle.utils.CommonUtilTest" time="0.001"/>
  <testcase name="testIsIntValidString" classname="com.puppycrawl.tools.checkstyle.utils.CommonUtilTest" time="0.001"/>
  <testcase name="testIsIdentifierInvalidSymbols" classname="com.puppycrawl.tools.checkstyle.utils.CommonUtilTest" time="0.001"/>
  <testcase name="testIsBlankAheadWhitespace" classname="com.puppycrawl.tools.checkstyle.utils.CommonUtilTest" time="0"/>
  <testcase name="testRelativeNormalizedPathWithNullBaseDirectory" classname="com.puppycrawl.tools.checkstyle.utils.CommonUtilTest" time="0.001"/>
  <testcase name="testIsNameEmptyString" classname="com.puppycrawl.tools.checkstyle.utils.CommonUtilTest" time="0.001"/>
  <testcase name="testIsBlankBehindWhitespace" classname="com.puppycrawl.tools.checkstyle.utils.CommonUtilTest" time="0.001"/>
  <testcase name="testIsBlankNullString" classname="com.puppycrawl.tools.checkstyle.utils.CommonUtilTest" time="0.001"/>
  <testcase name="testIsNameInvalidFirstSymbol" classname="com.puppycrawl.tools.checkstyle.utils.CommonUtilTest" time="0"/>
  <testcase name="testGetFileNameWithoutExtension" classname="com.puppycrawl.tools.checkstyle.utils.CommonUtilTest" time="0"/>
  <testcase name="testBaseClassNameForSimpleName" classname="com.puppycrawl.tools.checkstyle.utils.CommonUtilTest" time="0.001"/>
  <testcase name="testFillTemplateWithStringsByRegexp" classname="com.puppycrawl.tools.checkstyle.utils.CommonUtilTest" time="0.001"/>
  <testcase name="testGetFileExtension" classname="com.puppycrawl.tools.checkstyle.utils.CommonUtilTest" time="0.001"/>
  <testcase name="testHasWhitespaceBefore" classname="com.puppycrawl.tools.checkstyle.utils.CommonUtilTest" time="0.001"/>
  <testcase name="testIsIdentifierEmptyString" classname="com.puppycrawl.tools.checkstyle.utils.CommonUtilTest" time="0.001"/>
  <testcase name="testInvokeConstructorThatFails" classname="com.puppycrawl.tools.checkstyle.utils.CommonUtilTest" time="0.001"/>
  <testcase name="testIsBlankWithWhitespacesOnly" classname="com.puppycrawl.tools.checkstyle.utils.CommonUtilTest" time="0.001"/>
  <testcase name="testIsName" classname="com.puppycrawl.tools.checkstyle.utils.CommonUtilTest" time="0.001"/>
  <testcase name="testIsBlankWhitespaceInside" classname="com.puppycrawl.tools.checkstyle.utils.CommonUtilTest" time="0"/>
  <testcase name="testIsIdentifier" classname="com.puppycrawl.tools.checkstyle.utils.CommonUtilTest" time="0.001"/>
  <testcase name="testGetUriByFilenameFindsAbsoluteResourceOnClasspath" classname="com.puppycrawl.tools.checkstyle.utils.CommonUtilTest" time="0.001"/>
  <testcase name="testIsBlank" classname="com.puppycrawl.tools.checkstyle.utils.CommonUtilTest" time="0.002"/>
  <testcase name="testInvalidPattern" classname="com.puppycrawl.tools.checkstyle.utils.CommonUtilTest" time="0.001"/>
  <testcase name="testIsIntNull" classname="com.puppycrawl.tools.checkstyle.utils.CommonUtilTest" time="0.001"/>
</testsuite>